mode: set
github.com/zt-nms/zt-nms/cmd/api/main.go:32.13,36.37 3 0
github.com/zt-nms/zt-nms/cmd/api/main.go:36.37,38.3 1 0
github.com/zt-nms/zt-nms/cmd/api/main.go:40.2,41.16 2 0
github.com/zt-nms/zt-nms/cmd/api/main.go:41.16,43.3 1 0
github.com/zt-nms/zt-nms/cmd/api/main.go:44.2,54.72 7 0
github.com/zt-nms/zt-nms/cmd/api/main.go:54.72,56.3 1 0
github.com/zt-nms/zt-nms/cmd/api/main.go:58.2,72.16 8 0
github.com/zt-nms/zt-nms/cmd/api/main.go:72.16,74.3 1 0
github.com/zt-nms/zt-nms/cmd/api/main.go:77.2,113.12 18 0
github.com/zt-nms/zt-nms/cmd/api/main.go:113.12,115.42 2 0
github.com/zt-nms/zt-nms/cmd/api/main.go:115.42,117.4 1 0
github.com/zt-nms/zt-nms/cmd/api/main.go:117.9,119.4 1 0
github.com/zt-nms/zt-nms/cmd/api/main.go:122.2,128.17 6 0
github.com/zt-nms/zt-nms/cmd/api/main.go:131.25,154.2 17 0
github.com/zt-nms/zt-nms/cmd/api/main.go:156.63,158.19 2 0
github.com/zt-nms/zt-nms/cmd/api/main.go:158.19,160.3 1 0
github.com/zt-nms/zt-nms/cmd/api/main.go:161.2,170.16 3 0
github.com/zt-nms/zt-nms/cmd/api/main.go:170.16,172.3 1 0
github.com/zt-nms/zt-nms/cmd/api/main.go:173.2,174.43 2 0
github.com/zt-nms/zt-nms/cmd/api/main.go:183.107,185.2 1 0
github.com/zt-nms/zt-nms/cmd/api/main.go:187.112,189.2 1 0
github.com/zt-nms/zt-nms/cmd/api-gateway/main.go:26.13,30.37 3 0
github.com/zt-nms/zt-nms/cmd/api-gateway/main.go:30.37,32.3 1 0
github.com/zt-nms/zt-nms/cmd/api-gateway/main.go:34.2,35.16 2 0
github.com/zt-nms/zt-nms/cmd/api-gateway/main.go:35.16,37.3 1 0
github.com/zt-nms/zt-nms/cmd/api-gateway/main.go:38.2,69.12 18 0
github.com/zt-nms/zt-nms/cmd/api-gateway/main.go:69.12,71.42 2 0
github.com/zt-nms/zt-nms/cmd/api-gateway/main.go:71.42,73.4 1 0
github.com/zt-nms/zt-nms/cmd/api-gateway/main.go:73.9,75.4 1 0
github.com/zt-nms/zt-nms/cmd/api-gateway/main.go:78.2,84.17 6 0
github.com/zt-nms/zt-nms/cmd/api-gateway/main.go:87.25,109.2 16 0
github.com/zt-nms/zt-nms/cmd/api-gateway/main.go:111.63,113.19 2 0
github.com/zt-nms/zt-nms/cmd/api-gateway/main.go:113.19,115.3 1 0
github.com/zt-nms/zt-nms/cmd/api-gateway/main.go:116.2,125.16 3 0
github.com/zt-nms/zt-nms/cmd/api-gateway/main.go:125.16,127.3 1 0
github.com/zt-nms/zt-nms/cmd/api-gateway/main.go:128.2,129.43 2 0
github.com/zt-nms/zt-nms/internal/api/handlers.go:39.12,47.2 1 1
github.com/zt-nms/zt-nms/internal/api/handlers.go:50.48,117.2 49 1
github.com/zt-nms/zt-nms/internal/api/handlers.go:120.53,126.2 1 1
github.com/zt-nms/zt-nms/internal/api/handlers.go:129.54,132.27 2 1
github.com/zt-nms/zt-nms/internal/api/handlers.go:132.27,134.3 1 1
github.com/zt-nms/zt-nms/internal/api/handlers.go:136.2,139.4 1 1
github.com/zt-nms/zt-nms/internal/api/handlers.go:143.54,149.37 2 1
github.com/zt-nms/zt-nms/internal/api/handlers.go:149.37,154.3 1 1
github.com/zt-nms/zt-nms/internal/api/handlers.go:157.2,158.16 2 1
github.com/zt-nms/zt-nms/internal/api/handlers.go:158.16,163.3 1 1
github.com/zt-nms/zt-nms/internal/api/handlers.go:165.2,165.47 1 1
github.com/zt-nms/zt-nms/internal/api/handlers.go:165.47,170.3 1 1
github.com/zt-nms/zt-nms/internal/api/handlers.go:172.2,176.16 4 0
github.com/zt-nms/zt-nms/internal/api/handlers.go:176.16,181.3 1 0
github.com/zt-nms/zt-nms/internal/api/handlers.go:184.2,191.4 2 0
github.com/zt-nms/zt-nms/internal/api/handlers.go:195.47,200.37 2 1
github.com/zt-nms/zt-nms/internal/api/handlers.go:200.37,205.3 1 1
github.com/zt-nms/zt-nms/internal/api/handlers.go:208.2,209.16 2 0
github.com/zt-nms/zt-nms/internal/api/handlers.go:209.16,214.3 1 0
github.com/zt-nms/zt-nms/internal/api/handlers.go:217.2,224.4 2 0
github.com/zt-nms/zt-nms/internal/api/handlers.go:228.54,231.2 1 1
github.com/zt-nms/zt-nms/internal/api/handlers.go:234.56,240.37 2 1
github.com/zt-nms/zt-nms/internal/api/handlers.go:240.37,242.3 1 1
github.com/zt-nms/zt-nms/internal/api/handlers.go:244.2,245.61 2 1
github.com/zt-nms/zt-nms/internal/api/handlers.go:245.61,247.3 1 1
github.com/zt-nms/zt-nms/internal/api/handlers.go:249.2,252.18 3 1
github.com/zt-nms/zt-nms/internal/api/handlers.go:253.35,257.77 4 0
github.com/zt-nms/zt-nms/internal/api/handlers.go:259.33,263.75 4 0
github.com/zt-nms/zt-nms/internal/api/handlers.go:265.34,269.76 4 0
github.com/zt-nms/zt-nms/internal/api/handlers.go:271.10,272.108 1 1
github.com/zt-nms/zt-nms/internal/api/handlers.go:275.2,275.16 1 0
github.com/zt-nms/zt-nms/internal/api/handlers.go:275.16,277.3 1 0
github.com/zt-nms/zt-nms/internal/api/handlers.go:279.2,279.45 1 0
github.com/zt-nms/zt-nms/internal/api/handlers.go:283.56,292.16 4 0
github.com/zt-nms/zt-nms/internal/api/handlers.go:292.16,294.3 1 0
github.com/zt-nms/zt-nms/internal/api/handlers.go:296.2,297.16 2 0
github.com/zt-nms/zt-nms/internal/api/handlers.go:297.16,299.3 1 0
github.com/zt-nms/zt-nms/internal/api/handlers.go:301.2,306.4 1 0
github.com/zt-nms/zt-nms/internal/api/handlers.go:310.53,312.16 2 1
github.com/zt-nms/zt-nms/internal/api/handlers.go:312.16,314.3 1 1
github.com/zt-nms/zt-nms/internal/api/handlers.go:316.2,317.16 2 0
github.com/zt-nms/zt-nms/internal/api/handlers.go:317.16,319.3 1 0
github.com/zt-nms/zt-nms/internal/api/handlers.go:321.2,321.40 1 0
github.com/zt-nms/zt-nms/internal/api/handlers.go:325.56,327.2 1 1
github.com/zt-nms/zt-nms/internal/api/handlers.go:330.56,332.16 2 1
github.com/zt-nms/zt-nms/internal/api/handlers.go:332.16,334.3 1 1
github.com/zt-nms/zt-nms/internal/api/handlers.go:336.2,336.93 1 0
github.com/zt-nms/zt-nms/internal/api/handlers.go:336.93,338.3 1 0
github.com/zt-nms/zt-nms/internal/api/handlers.go:340.2,340.42 1 0
github.com/zt-nms/zt-nms/internal/api/handlers.go:344.57,346.16 2 1
github.com/zt-nms/zt-nms/internal/api/handlers.go:346.16,348.3 1 1
github.com/zt-nms/zt-nms/internal/api/handlers.go:350.2,355.95 3 0
github.com/zt-nms/zt-nms/internal/api/handlers.go:355.95,357.3 1 0
github.com/zt-nms/zt-nms/internal/api/handlers.go:359.2,359.72 1 0
github.com/zt-nms/zt-nms/internal/api/handlers.go:363.58,365.16 2 1
github.com/zt-nms/zt-nms/internal/api/handlers.go:365.16,367.3 1 1
github.com/zt-nms/zt-nms/internal/api/handlers.go:369.2,369.84 1 0
github.com/zt-nms/zt-nms/internal/api/handlers.go:369.84,371.3 1 0
github.com/zt-nms/zt-nms/internal/api/handlers.go:373.2,373.72 1 0
github.com/zt-nms/zt-nms/internal/api/handlers.go:377.59,379.37 2 1
github.com/zt-nms/zt-nms/internal/api/handlers.go:379.37,381.3 1 1
github.com/zt-nms/zt-nms/internal/api/handlers.go:384.2,388.16 4 0
github.com/zt-nms/zt-nms/internal/api/handlers.go:388.16,390.3 1 0
github.com/zt-nms/zt-nms/internal/api/handlers.go:392.2,392.42 1 0
github.com/zt-nms/zt-nms/internal/api/handlers.go:396.55,398.16 2 1
github.com/zt-nms/zt-nms/internal/api/handlers.go:398.16,400.3 1 1
github.com/zt-nms/zt-nms/internal/api/handlers.go:402.2,403.16 2 0
github.com/zt-nms/zt-nms/internal/api/handlers.go:403.16,405.3 1 0
github.com/zt-nms/zt-nms/internal/api/handlers.go:407.2,407.37 1 0
github.com/zt-nms/zt-nms/internal/api/handlers.go:411.58,413.16 2 1
github.com/zt-nms/zt-nms/internal/api/handlers.go:413.16,415.3 1 1
github.com/zt-nms/zt-nms/internal/api/handlers.go:417.2,422.99 3 0
github.com/zt-nms/zt-nms/internal/api/handlers.go:422.99,424.3 1 0
github.com/zt-nms/zt-nms/internal/api/handlers.go:426.2,426.42 1 0
github.com/zt-nms/zt-nms/internal/api/handlers.go:430.59,432.2 1 1
github.com/zt-nms/zt-nms/internal/api/handlers.go:435.58,437.24 2 1
github.com/zt-nms/zt-nms/internal/api/handlers.go:437.24,439.3 1 1
github.com/zt-nms/zt-nms/internal/api/handlers.go:441.2,442.16 2 1
github.com/zt-nms/zt-nms/internal/api/handlers.go:442.16,444.3 1 1
github.com/zt-nms/zt-nms/internal/api/handlers.go:446.2,448.16 3 0
github.com/zt-nms/zt-nms/internal/api/handlers.go:448.16,450.3 1 0
github.com/zt-nms/zt-nms/internal/api/handlers.go:452.2,454.4 1 0
github.com/zt-nms/zt-nms/internal/api/handlers.go:458.54,460.40 2 1
github.com/zt-nms/zt-nms/internal/api/handlers.go:460.40,462.3 1 1
github.com/zt-nms/zt-nms/internal/api/handlers.go:464.2,469.84 5 0
github.com/zt-nms/zt-nms/internal/api/handlers.go:469.84,471.3 1 0
github.com/zt-nms/zt-nms/internal/api/handlers.go:473.2,473.43 1 0
github.com/zt-nms/zt-nms/internal/api/handlers.go:477.54,482.16 5 0
github.com/zt-nms/zt-nms/internal/api/handlers.go:482.16,484.3 1 0
github.com/zt-nms/zt-nms/internal/api/handlers.go:486.2,487.16 2 0
github.com/zt-nms/zt-nms/internal/api/handlers.go:487.16,489.3 1 0
github.com/zt-nms/zt-nms/internal/api/handlers.go:491.2,494.4 1 0
github.com/zt-nms/zt-nms/internal/api/handlers.go:498.51,500.16 2 1
github.com/zt-nms/zt-nms/internal/api/handlers.go:500.16,502.3 1 1
github.com/zt-nms/zt-nms/internal/api/handlers.go:504.2,505.16 2 0
github.com/zt-nms/zt-nms/internal/api/handlers.go:505.16,507.3 1 0
github.com/zt-nms/zt-nms/internal/api/handlers.go:509.2,509.38 1 0
github.com/zt-nms/zt-nms/internal/api/handlers.go:513.54,515.2 1 1
github.com/zt-nms/zt-nms/internal/api/handlers.go:518.54,520.2 1 1
github.com/zt-nms/zt-nms/internal/api/handlers.go:523.56,525.37 2 1
github.com/zt-nms/zt-nms/internal/api/handlers.go:525.37,527.3 1 1
github.com/zt-nms/zt-nms/internal/api/handlers.go:529.2,530.16 2 0
github.com/zt-nms/zt-nms/internal/api/handlers.go:530.16,532.3 1 0
github.com/zt-nms/zt-nms/internal/api/handlers.go:534.2,534.40 1 0
github.com/zt-nms/zt-nms/internal/api/handlers.go:538.56,540.2 1 1
github.com/zt-nms/zt-nms/internal/api/handlers.go:543.53,545.2 1 1
github.com/zt-nms/zt-nms/internal/api/handlers.go:547.51,549.2 1 1
github.com/zt-nms/zt-nms/internal/api/handlers.go:551.56,553.2 1 1
github.com/zt-nms/zt-nms/internal/api/handlers.go:555.54,557.2 1 1
github.com/zt-nms/zt-nms/internal/api/handlers.go:559.54,561.2 1 1
github.com/zt-nms/zt-nms/internal/api/handlers.go:563.57,565.2 1 1
github.com/zt-nms/zt-nms/internal/api/handlers.go:567.58,569.2 1 1
github.com/zt-nms/zt-nms/internal/api/handlers.go:571.58,573.2 1 1
github.com/zt-nms/zt-nms/internal/api/handlers.go:575.56,577.2 1 1
github.com/zt-nms/zt-nms/internal/api/handlers.go:579.56,581.2 1 1
github.com/zt-nms/zt-nms/internal/api/handlers.go:583.54,585.2 1 1
github.com/zt-nms/zt-nms/internal/api/handlers.go:587.55,589.2 1 1
github.com/zt-nms/zt-nms/internal/api/handlers.go:591.59,593.2 1 1
github.com/zt-nms/zt-nms/internal/api/handlers.go:595.60,597.2 1 1
github.com/zt-nms/zt-nms/internal/api/handlers.go:599.57,601.2 1 1
github.com/zt-nms/zt-nms/internal/api/handlers.go:603.55,605.2 1 1
github.com/zt-nms/zt-nms/internal/api/handlers.go:607.58,609.2 1 1
github.com/zt-nms/zt-nms/internal/api/handlers.go:611.106,616.2 1 1
github.com/zt-nms/zt-nms/internal/api/handlers.go:619.72,620.54 1 1
github.com/zt-nms/zt-nms/internal/api/handlers.go:620.54,621.37 1 1
github.com/zt-nms/zt-nms/internal/api/handlers.go:621.37,627.36 2 1
github.com/zt-nms/zt-nms/internal/api/handlers.go:627.36,629.5 1 1
github.com/zt-nms/zt-nms/internal/api/handlers.go:631.4,632.24 2 1
github.com/zt-nms/zt-nms/internal/api/handlers.go:632.24,634.5 1 1
github.com/zt-nms/zt-nms/internal/api/handlers.go:638.4,638.28 1 1
github.com/zt-nms/zt-nms/internal/api/handlers.go:638.28,640.5 1 1
github.com/zt-nms/zt-nms/internal/api/handlers.go:642.4,642.18 1 1
github.com/zt-nms/zt-nms/internal/api/handlers.go:648.43,649.54 1 1
github.com/zt-nms/zt-nms/internal/api/handlers.go:649.54,650.37 1 1
github.com/zt-nms/zt-nms/internal/api/handlers.go:650.37,654.4 1 1
github.com/zt-nms/zt-nms/internal/api/handlers.go:667.67,668.50 1 1
github.com/zt-nms/zt-nms/internal/api/handlers.go:668.50,669.47 1 1
github.com/zt-nms/zt-nms/internal/api/handlers.go:669.47,671.4 1 1
github.com/zt-nms/zt-nms/internal/api/handlers.go:673.2,673.12 1 1
github.com/zt-nms/zt-nms/internal/api/handlers_extended.go:37.20,45.2 1 0
github.com/zt-nms/zt-nms/internal/api/handlers_extended.go:48.64,106.2 41 0
github.com/zt-nms/zt-nms/internal/api/handlers_extended.go:111.67,112.30 1 0
github.com/zt-nms/zt-nms/internal/api/handlers_extended.go:112.30,121.3 1 0
github.com/zt-nms/zt-nms/internal/api/handlers_extended.go:123.2,124.16 2 0
github.com/zt-nms/zt-nms/internal/api/handlers_extended.go:124.16,126.3 1 0
github.com/zt-nms/zt-nms/internal/api/handlers_extended.go:128.2,128.37 1 0
github.com/zt-nms/zt-nms/internal/api/handlers_extended.go:132.65,134.16 2 0
github.com/zt-nms/zt-nms/internal/api/handlers_extended.go:134.16,136.3 1 0
github.com/zt-nms/zt-nms/internal/api/handlers_extended.go:138.2,138.30 1 0
github.com/zt-nms/zt-nms/internal/api/handlers_extended.go:138.30,140.3 1 0
github.com/zt-nms/zt-nms/internal/api/handlers_extended.go:142.2,143.16 2 0
github.com/zt-nms/zt-nms/internal/api/handlers_extended.go:143.16,145.3 1 0
github.com/zt-nms/zt-nms/internal/api/handlers_extended.go:147.2,147.37 1 0
github.com/zt-nms/zt-nms/internal/api/handlers_extended.go:151.69,153.15 2 0
github.com/zt-nms/zt-nms/internal/api/handlers_extended.go:153.15,155.3 1 0
github.com/zt-nms/zt-nms/internal/api/handlers_extended.go:157.2,157.30 1 0
github.com/zt-nms/zt-nms/internal/api/handlers_extended.go:157.30,159.3 1 0
github.com/zt-nms/zt-nms/internal/api/handlers_extended.go:161.2,162.16 2 0
github.com/zt-nms/zt-nms/internal/api/handlers_extended.go:162.16,164.3 1 0
github.com/zt-nms/zt-nms/internal/api/handlers_extended.go:166.2,166.37 1 0
github.com/zt-nms/zt-nms/internal/api/handlers_extended.go:170.67,172.15 2 0
github.com/zt-nms/zt-nms/internal/api/handlers_extended.go:172.15,174.3 1 0
github.com/zt-nms/zt-nms/internal/api/handlers_extended.go:176.2,176.30 1 0
github.com/zt-nms/zt-nms/internal/api/handlers_extended.go:176.30,178.3 1 0
github.com/zt-nms/zt-nms/internal/api/handlers_extended.go:180.2,181.16 2 0
github.com/zt-nms/zt-nms/internal/api/handlers_extended.go:181.16,183.3 1 0
github.com/zt-nms/zt-nms/internal/api/handlers_extended.go:185.2,185.37 1 0
github.com/zt-nms/zt-nms/internal/api/handlers_extended.go:191.69,192.27 1 0
github.com/zt-nms/zt-nms/internal/api/handlers_extended.go:192.27,197.3 1 0
github.com/zt-nms/zt-nms/internal/api/handlers_extended.go:199.2,208.55 2 0
github.com/zt-nms/zt-nms/internal/api/handlers_extended.go:208.55,209.47 1 0
github.com/zt-nms/zt-nms/internal/api/handlers_extended.go:209.47,211.4 1 0
github.com/zt-nms/zt-nms/internal/api/handlers_extended.go:214.2,216.16 3 0
github.com/zt-nms/zt-nms/internal/api/handlers_extended.go:216.16,218.3 1 0
github.com/zt-nms/zt-nms/internal/api/handlers_extended.go:220.2,221.16 2 0
github.com/zt-nms/zt-nms/internal/api/handlers_extended.go:221.16,223.3 1 0
github.com/zt-nms/zt-nms/internal/api/handlers_extended.go:225.2,230.4 1 0
github.com/zt-nms/zt-nms/internal/api/handlers_extended.go:234.67,236.16 2 0
github.com/zt-nms/zt-nms/internal/api/handlers_extended.go:236.16,238.3 1 0
github.com/zt-nms/zt-nms/internal/api/handlers_extended.go:240.2,240.27 1 0
github.com/zt-nms/zt-nms/internal/api/handlers_extended.go:240.27,242.3 1 0
github.com/zt-nms/zt-nms/internal/api/handlers_extended.go:244.2,245.16 2 0
github.com/zt-nms/zt-nms/internal/api/handlers_extended.go:245.16,247.3 1 0
github.com/zt-nms/zt-nms/internal/api/handlers_extended.go:249.2,249.38 1 0
github.com/zt-nms/zt-nms/internal/api/handlers_extended.go:253.72,269.37 2 0
github.com/zt-nms/zt-nms/internal/api/handlers_extended.go:269.37,271.3 1 0
github.com/zt-nms/zt-nms/internal/api/handlers_extended.go:273.2,273.27 1 0
github.com/zt-nms/zt-nms/internal/api/handlers_extended.go:273.27,275.3 1 0
github.com/zt-nms/zt-nms/internal/api/handlers_extended.go:278.2,279.61 2 0
github.com/zt-nms/zt-nms/internal/api/handlers_extended.go:279.61,282.3 1 0
github.com/zt-nms/zt-nms/internal/api/handlers_extended.go:284.2,285.26 2 0
github.com/zt-nms/zt-nms/internal/api/handlers_extended.go:285.26,286.56 1 0
github.com/zt-nms/zt-nms/internal/api/handlers_extended.go:286.56,288.4 1 0
github.com/zt-nms/zt-nms/internal/api/handlers_extended.go:291.2,306.16 3 0
github.com/zt-nms/zt-nms/internal/api/handlers_extended.go:306.16,308.3 1 0
github.com/zt-nms/zt-nms/internal/api/handlers_extended.go:310.2,310.43 1 0
github.com/zt-nms/zt-nms/internal/api/handlers_extended.go:314.70,316.16 2 0
github.com/zt-nms/zt-nms/internal/api/handlers_extended.go:316.16,318.3 1 0
github.com/zt-nms/zt-nms/internal/api/handlers_extended.go:320.2,320.27 1 0
github.com/zt-nms/zt-nms/internal/api/handlers_extended.go:320.27,322.3 1 0
github.com/zt-nms/zt-nms/internal/api/handlers_extended.go:324.2,325.37 2 0
github.com/zt-nms/zt-nms/internal/api/handlers_extended.go:325.37,327.3 1 0
github.com/zt-nms/zt-nms/internal/api/handlers_extended.go:329.2,330.16 2 0
github.com/zt-nms/zt-nms/internal/api/handlers_extended.go:330.16,332.3 1 0
github.com/zt-nms/zt-nms/internal/api/handlers_extended.go:334.2,334.38 1 0
github.com/zt-nms/zt-nms/internal/api/handlers_extended.go:338.70,340.16 2 0
github.com/zt-nms/zt-nms/internal/api/handlers_extended.go:340.16,342.3 1 0
github.com/zt-nms/zt-nms/internal/api/handlers_extended.go:344.2,344.27 1 0
github.com/zt-nms/zt-nms/internal/api/handlers_extended.go:344.27,346.3 1 0
github.com/zt-nms/zt-nms/internal/api/handlers_extended.go:348.2,348.84 1 0
github.com/zt-nms/zt-nms/internal/api/handlers_extended.go:348.84,350.3 1 0
github.com/zt-nms/zt-nms/internal/api/handlers_extended.go:352.2,352.42 1 0
github.com/zt-nms/zt-nms/internal/api/handlers_extended.go:358.68,364.37 2 0
github.com/zt-nms/zt-nms/internal/api/handlers_extended.go:364.37,366.3 1 0
github.com/zt-nms/zt-nms/internal/api/handlers_extended.go:368.2,369.16 2 0
github.com/zt-nms/zt-nms/internal/api/handlers_extended.go:369.16,371.3 1 0
github.com/zt-nms/zt-nms/internal/api/handlers_extended.go:373.2,373.29 1 0
github.com/zt-nms/zt-nms/internal/api/handlers_extended.go:373.29,375.3 1 0
github.com/zt-nms/zt-nms/internal/api/handlers_extended.go:377.2,378.16 2 0
github.com/zt-nms/zt-nms/internal/api/handlers_extended.go:378.16,380.3 1 0
github.com/zt-nms/zt-nms/internal/api/handlers_extended.go:382.2,382.41 1 0
github.com/zt-nms/zt-nms/internal/api/handlers_extended.go:386.67,388.40 2 0
github.com/zt-nms/zt-nms/internal/api/handlers_extended.go:388.40,390.3 1 0
github.com/zt-nms/zt-nms/internal/api/handlers_extended.go:392.2,392.29 1 0
github.com/zt-nms/zt-nms/internal/api/handlers_extended.go:392.29,394.3 1 0
github.com/zt-nms/zt-nms/internal/api/handlers_extended.go:396.2,397.16 2 0
github.com/zt-nms/zt-nms/internal/api/handlers_extended.go:397.16,399.3 1 0
github.com/zt-nms/zt-nms/internal/api/handlers_extended.go:401.2,401.38 1 0
github.com/zt-nms/zt-nms/internal/api/handlers_extended.go:405.72,407.16 2 0
github.com/zt-nms/zt-nms/internal/api/handlers_extended.go:407.16,409.3 1 0
github.com/zt-nms/zt-nms/internal/api/handlers_extended.go:411.2,411.29 1 0
github.com/zt-nms/zt-nms/internal/api/handlers_extended.go:411.29,417.3 1 0
github.com/zt-nms/zt-nms/internal/api/handlers_extended.go:419.2,420.16 2 0
github.com/zt-nms/zt-nms/internal/api/handlers_extended.go:420.16,426.3 1 0
github.com/zt-nms/zt-nms/internal/api/handlers_extended.go:428.2,433.4 1 0
github.com/zt-nms/zt-nms/internal/api/handlers_extended.go:437.71,438.29 1 0
github.com/zt-nms/zt-nms/internal/api/handlers_extended.go:438.29,442.3 1 0
github.com/zt-nms/zt-nms/internal/api/handlers_extended.go:444.2,447.4 2 0
github.com/zt-nms/zt-nms/internal/api/handlers_extended.go:451.70,453.16 2 0
github.com/zt-nms/zt-nms/internal/api/handlers_extended.go:453.16,455.3 1 0
github.com/zt-nms/zt-nms/internal/api/handlers_extended.go:457.2,457.29 1 0
github.com/zt-nms/zt-nms/internal/api/handlers_extended.go:457.29,459.3 1 0
github.com/zt-nms/zt-nms/internal/api/handlers_extended.go:461.2,462.70 2 0
github.com/zt-nms/zt-nms/internal/api/handlers_extended.go:468.73,473.80 2 0
github.com/zt-nms/zt-nms/internal/api/handlers_extended.go:473.80,475.3 1 0
github.com/zt-nms/zt-nms/internal/api/handlers_extended.go:476.2,476.81 1 0
github.com/zt-nms/zt-nms/internal/api/handlers_extended.go:476.81,478.3 1 0
github.com/zt-nms/zt-nms/internal/api/handlers_extended.go:480.2,480.62 1 0
github.com/zt-nms/zt-nms/internal/api/handlers_extended.go:480.62,482.3 1 0
github.com/zt-nms/zt-nms/internal/api/handlers_extended.go:483.2,483.58 1 0
github.com/zt-nms/zt-nms/internal/api/handlers_extended.go:483.58,485.3 1 0
github.com/zt-nms/zt-nms/internal/api/handlers_extended.go:486.2,486.52 1 0
github.com/zt-nms/zt-nms/internal/api/handlers_extended.go:486.52,488.3 1 0
github.com/zt-nms/zt-nms/internal/api/handlers_extended.go:489.2,489.71 1 0
github.com/zt-nms/zt-nms/internal/api/handlers_extended.go:489.71,491.3 1 0
github.com/zt-nms/zt-nms/internal/api/handlers_extended.go:493.2,493.46 1 0
github.com/zt-nms/zt-nms/internal/api/handlers_extended.go:493.46,494.59 1 0
github.com/zt-nms/zt-nms/internal/api/handlers_extended.go:494.59,496.4 1 0
github.com/zt-nms/zt-nms/internal/api/handlers_extended.go:498.2,498.40 1 0
github.com/zt-nms/zt-nms/internal/api/handlers_extended.go:498.40,499.57 1 0
github.com/zt-nms/zt-nms/internal/api/handlers_extended.go:499.57,501.4 1 0
github.com/zt-nms/zt-nms/internal/api/handlers_extended.go:504.2,504.23 1 0
github.com/zt-nms/zt-nms/internal/api/handlers_extended.go:504.23,509.3 1 0
github.com/zt-nms/zt-nms/internal/api/handlers_extended.go:511.2,512.16 2 0
github.com/zt-nms/zt-nms/internal/api/handlers_extended.go:512.16,514.3 1 0
github.com/zt-nms/zt-nms/internal/api/handlers_extended.go:516.2,521.4 1 0
github.com/zt-nms/zt-nms/internal/api/handlers_extended.go:525.71,527.16 2 0
github.com/zt-nms/zt-nms/internal/api/handlers_extended.go:527.16,529.3 1 0
github.com/zt-nms/zt-nms/internal/api/handlers_extended.go:531.2,531.23 1 0
github.com/zt-nms/zt-nms/internal/api/handlers_extended.go:531.23,533.3 1 0
github.com/zt-nms/zt-nms/internal/api/handlers_extended.go:535.2,536.16 2 0
github.com/zt-nms/zt-nms/internal/api/handlers_extended.go:536.16,538.3 1 0
github.com/zt-nms/zt-nms/internal/api/handlers_extended.go:540.2,540.37 1 0
github.com/zt-nms/zt-nms/internal/api/handlers_extended.go:544.74,550.37 2 0
github.com/zt-nms/zt-nms/internal/api/handlers_extended.go:550.37,552.3 1 0
github.com/zt-nms/zt-nms/internal/api/handlers_extended.go:554.2,554.23 1 0
github.com/zt-nms/zt-nms/internal/api/handlers_extended.go:554.23,561.3 1 0
github.com/zt-nms/zt-nms/internal/api/handlers_extended.go:563.2,564.16 2 0
github.com/zt-nms/zt-nms/internal/api/handlers_extended.go:564.16,566.3 1 0
github.com/zt-nms/zt-nms/internal/api/handlers_extended.go:568.2,568.38 1 0
github.com/zt-nms/zt-nms/internal/api/handlers_extended.go:574.64,576.42 2 0
github.com/zt-nms/zt-nms/internal/api/handlers_extended.go:576.42,578.3 1 0
github.com/zt-nms/zt-nms/internal/api/handlers_extended.go:580.2,580.27 1 0
github.com/zt-nms/zt-nms/internal/api/handlers_extended.go:580.27,582.3 1 0
github.com/zt-nms/zt-nms/internal/api/handlers_extended.go:584.2,584.88 1 0
github.com/zt-nms/zt-nms/internal/api/handlers_extended.go:584.88,586.3 1 0
github.com/zt-nms/zt-nms/internal/api/handlers_extended.go:588.2,588.45 1 0
github.com/zt-nms/zt-nms/internal/api/handlers_extended.go:592.63,594.55 2 0
github.com/zt-nms/zt-nms/internal/api/handlers_extended.go:594.55,595.48 1 0
github.com/zt-nms/zt-nms/internal/api/handlers_extended.go:595.48,597.4 1 0
github.com/zt-nms/zt-nms/internal/api/handlers_extended.go:600.2,600.27 1 0
github.com/zt-nms/zt-nms/internal/api/handlers_extended.go:600.27,604.3 1 0
github.com/zt-nms/zt-nms/internal/api/handlers_extended.go:606.2,607.16 2 0
github.com/zt-nms/zt-nms/internal/api/handlers_extended.go:607.16,609.3 1 0
github.com/zt-nms/zt-nms/internal/api/handlers_extended.go:611.2,613.4 1 0
github.com/zt-nms/zt-nms/internal/api/handlers_extended.go:617.61,619.16 2 0
github.com/zt-nms/zt-nms/internal/api/handlers_extended.go:619.16,621.3 1 0
github.com/zt-nms/zt-nms/internal/api/handlers_extended.go:623.2,623.27 1 0
github.com/zt-nms/zt-nms/internal/api/handlers_extended.go:623.27,625.3 1 0
github.com/zt-nms/zt-nms/internal/api/handlers_extended.go:627.2,628.16 2 0
github.com/zt-nms/zt-nms/internal/api/handlers_extended.go:628.16,630.3 1 0
github.com/zt-nms/zt-nms/internal/api/handlers_extended.go:632.2,632.40 1 0
github.com/zt-nms/zt-nms/internal/api/handlers_extended.go:638.72,645.37 2 0
github.com/zt-nms/zt-nms/internal/api/handlers_extended.go:645.37,647.3 1 0
github.com/zt-nms/zt-nms/internal/api/handlers_extended.go:649.2,649.28 1 0
github.com/zt-nms/zt-nms/internal/api/handlers_extended.go:649.28,655.3 1 0
github.com/zt-nms/zt-nms/internal/api/handlers_extended.go:658.2,662.4 1 0
github.com/zt-nms/zt-nms/internal/api/handlers_extended.go:666.70,676.37 2 0
github.com/zt-nms/zt-nms/internal/api/handlers_extended.go:676.37,678.3 1 0
github.com/zt-nms/zt-nms/internal/api/handlers_extended.go:680.2,686.4 2 0
github.com/zt-nms/zt-nms/internal/api/handlers_extended.go:690.71,692.16 2 0
github.com/zt-nms/zt-nms/internal/api/handlers_extended.go:692.16,694.3 1 0
github.com/zt-nms/zt-nms/internal/api/handlers_extended.go:696.2,702.4 1 0
github.com/zt-nms/zt-nms/internal/api/handlers_extended.go:706.73,708.16 2 0
github.com/zt-nms/zt-nms/internal/api/handlers_extended.go:708.16,710.3 1 0
github.com/zt-nms/zt-nms/internal/api/handlers_extended.go:712.2,714.18 3 0
github.com/zt-nms/zt-nms/internal/api/handlers_extended.go:714.18,716.3 1 0
github.com/zt-nms/zt-nms/internal/api/handlers_extended.go:718.2,718.28 1 0
github.com/zt-nms/zt-nms/internal/api/handlers_extended.go:718.28,727.3 1 0
github.com/zt-nms/zt-nms/internal/api/handlers_extended.go:730.2,737.4 1 0
github.com/zt-nms/zt-nms/internal/api/handlers_extended.go:741.74,743.16 2 0
github.com/zt-nms/zt-nms/internal/api/handlers_extended.go:743.16,745.3 1 0
github.com/zt-nms/zt-nms/internal/api/handlers_extended.go:747.2,748.16 2 0
github.com/zt-nms/zt-nms/internal/api/handlers_extended.go:748.16,750.3 1 0
github.com/zt-nms/zt-nms/internal/api/handlers_extended.go:752.2,757.4 1 0
github.com/zt-nms/zt-nms/internal/api/handlers_extended.go:761.71,763.16 2 0
github.com/zt-nms/zt-nms/internal/api/handlers_extended.go:763.16,765.3 1 0
github.com/zt-nms/zt-nms/internal/api/handlers_extended.go:767.2,767.27 1 0
github.com/zt-nms/zt-nms/internal/api/handlers_extended.go:767.27,769.3 1 0
github.com/zt-nms/zt-nms/internal/api/handlers_extended.go:771.2,771.82 1 0
github.com/zt-nms/zt-nms/internal/api/handlers_extended.go:771.82,773.3 1 0
github.com/zt-nms/zt-nms/internal/api/handlers_extended.go:775.2,779.4 1 0
github.com/zt-nms/zt-nms/internal/api/handlers_extended.go:783.68,785.16 2 0
github.com/zt-nms/zt-nms/internal/api/handlers_extended.go:785.16,787.3 1 0
github.com/zt-nms/zt-nms/internal/api/handlers_extended.go:789.2,792.37 2 0
github.com/zt-nms/zt-nms/internal/api/handlers_extended.go:792.37,794.3 1 0
github.com/zt-nms/zt-nms/internal/api/handlers_extended.go:796.2,796.27 1 0
github.com/zt-nms/zt-nms/internal/api/handlers_extended.go:796.27,798.3 1 0
github.com/zt-nms/zt-nms/internal/api/handlers_extended.go:800.2,801.87 2 0
github.com/zt-nms/zt-nms/internal/api/handlers_extended.go:801.87,803.3 1 0
github.com/zt-nms/zt-nms/internal/api/handlers_extended.go:805.2,809.4 1 0
github.com/zt-nms/zt-nms/internal/api/handlers_extended.go:813.68,815.16 2 0
github.com/zt-nms/zt-nms/internal/api/handlers_extended.go:815.16,817.3 1 0
github.com/zt-nms/zt-nms/internal/api/handlers_extended.go:819.2,826.37 2 0
github.com/zt-nms/zt-nms/internal/api/handlers_extended.go:826.37,828.3 1 0
github.com/zt-nms/zt-nms/internal/api/handlers_extended.go:831.2,837.4 1 0
github.com/zt-nms/zt-nms/internal/api/handlers_extended.go:841.68,843.16 2 0
github.com/zt-nms/zt-nms/internal/api/handlers_extended.go:843.16,845.3 1 0
github.com/zt-nms/zt-nms/internal/api/handlers_extended.go:847.2,852.26 3 0
github.com/zt-nms/zt-nms/internal/api/handlers_extended.go:852.26,854.3 1 0
github.com/zt-nms/zt-nms/internal/api/handlers_extended.go:856.2,863.4 1 0
github.com/zt-nms/zt-nms/internal/api/handlers_extended.go:867.67,869.16 2 0
github.com/zt-nms/zt-nms/internal/api/handlers_extended.go:869.16,871.3 1 0
github.com/zt-nms/zt-nms/internal/api/handlers_extended.go:874.2,895.4 2 0
github.com/zt-nms/zt-nms/internal/api/handlers_extended.go:899.69,901.16 2 0
github.com/zt-nms/zt-nms/internal/api/handlers_extended.go:901.16,903.3 1 0
github.com/zt-nms/zt-nms/internal/api/handlers_extended.go:905.2,906.16 2 0
github.com/zt-nms/zt-nms/internal/api/handlers_extended.go:906.16,908.3 1 0
github.com/zt-nms/zt-nms/internal/api/handlers_extended.go:910.2,916.4 1 0
github.com/zt-nms/zt-nms/internal/api/handlers_extended.go:920.64,927.37 2 0
github.com/zt-nms/zt-nms/internal/api/handlers_extended.go:927.37,929.3 1 0
github.com/zt-nms/zt-nms/internal/api/handlers_extended.go:931.2,935.4 1 0
github.com/zt-nms/zt-nms/internal/api/handlers_extended.go:939.63,948.37 2 0
github.com/zt-nms/zt-nms/internal/api/handlers_extended.go:948.37,950.3 1 0
github.com/zt-nms/zt-nms/internal/api/handlers_extended.go:952.2,959.4 2 0
github.com/zt-nms/zt-nms/internal/api/handlers_extended.go:963.69,965.16 2 0
github.com/zt-nms/zt-nms/internal/api/handlers_extended.go:965.16,967.3 1 0
github.com/zt-nms/zt-nms/internal/api/handlers_extended.go:969.2,978.4 1 0
github.com/zt-nms/zt-nms/internal/api/handlers_extended.go:982.68,1022.2 2 0
github.com/zt-nms/zt-nms/internal/api/handlers_extended.go:1025.66,1059.2 2 0
github.com/zt-nms/zt-nms/internal/testutil/db.go:18.31,20.16 2 0
github.com/zt-nms/zt-nms/internal/testutil/db.go:20.16,22.3 1 0
github.com/zt-nms/zt-nms/internal/testutil/db.go:23.2,24.16 2 0
github.com/zt-nms/zt-nms/internal/testutil/db.go:24.16,26.3 1 0
github.com/zt-nms/zt-nms/internal/testutil/db.go:27.2,28.16 2 0
github.com/zt-nms/zt-nms/internal/testutil/db.go:28.16,30.3 1 0
github.com/zt-nms/zt-nms/internal/testutil/db.go:31.2,32.20 2 0
github.com/zt-nms/zt-nms/internal/testutil/db.go:32.20,34.3 1 0
github.com/zt-nms/zt-nms/internal/testutil/db.go:35.2,36.18 2 0
github.com/zt-nms/zt-nms/internal/testutil/db.go:36.18,38.3 1 0
github.com/zt-nms/zt-nms/internal/testutil/db.go:39.2,40.38 1 0
github.com/zt-nms/zt-nms/internal/testutil/db.go:44.38,49.16 4 0
github.com/zt-nms/zt-nms/internal/testutil/db.go:49.16,52.3 2 0
github.com/zt-nms/zt-nms/internal/testutil/db.go:55.2,55.56 1 0
github.com/zt-nms/zt-nms/internal/testutil/db.go:55.56,59.3 3 0
github.com/zt-nms/zt-nms/internal/testutil/db.go:61.2,61.28 1 0
github.com/zt-nms/zt-nms/internal/testutil/db.go:65.27,66.20 1 0
github.com/zt-nms/zt-nms/internal/testutil/db.go:66.20,68.3 1 0
github.com/zt-nms/zt-nms/internal/testutil/db.go:72.64,75.16 3 0
github.com/zt-nms/zt-nms/internal/testutil/db.go:75.16,77.3 1 0
github.com/zt-nms/zt-nms/internal/testutil/db.go:81.25,84.16 3 0
github.com/zt-nms/zt-nms/internal/testutil/db.go:84.16,86.3 1 0
github.com/zt-nms/zt-nms/internal/testutil/db.go:87.2,88.47 2 0
github.com/zt-nms/zt-nms/internal/attestation/repository.go:21.60,23.2 1 0
github.com/zt-nms/zt-nms/internal/attestation/repository.go:26.102,28.16 2 0
github.com/zt-nms/zt-nms/internal/attestation/repository.go:28.16,30.3 1 0
github.com/zt-nms/zt-nms/internal/attestation/repository.go:32.2,33.16 2 0
github.com/zt-nms/zt-nms/internal/attestation/repository.go:33.16,35.3 1 0
github.com/zt-nms/zt-nms/internal/attestation/repository.go:37.2,57.12 3 0
github.com/zt-nms/zt-nms/internal/attestation/repository.go:61.110,85.16 5 0
github.com/zt-nms/zt-nms/internal/attestation/repository.go:85.16,86.36 1 0
github.com/zt-nms/zt-nms/internal/attestation/repository.go:86.36,88.4 1 0
github.com/zt-nms/zt-nms/internal/attestation/repository.go:89.3,89.18 1 0
github.com/zt-nms/zt-nms/internal/attestation/repository.go:92.2,92.79 1 0
github.com/zt-nms/zt-nms/internal/attestation/repository.go:92.79,94.3 1 0
github.com/zt-nms/zt-nms/internal/attestation/repository.go:95.2,95.28 1 0
github.com/zt-nms/zt-nms/internal/attestation/repository.go:95.28,96.74 1 0
github.com/zt-nms/zt-nms/internal/attestation/repository.go:96.74,98.4 1 0
github.com/zt-nms/zt-nms/internal/attestation/repository.go:101.2,101.21 1 0
github.com/zt-nms/zt-nms/internal/attestation/repository.go:105.122,131.16 5 0
github.com/zt-nms/zt-nms/internal/attestation/repository.go:131.16,132.36 1 0
github.com/zt-nms/zt-nms/internal/attestation/repository.go:132.36,134.4 1 0
github.com/zt-nms/zt-nms/internal/attestation/repository.go:135.3,135.18 1 0
github.com/zt-nms/zt-nms/internal/attestation/repository.go:138.2,138.79 1 0
github.com/zt-nms/zt-nms/internal/attestation/repository.go:138.79,140.3 1 0
github.com/zt-nms/zt-nms/internal/attestation/repository.go:141.2,141.28 1 0
github.com/zt-nms/zt-nms/internal/attestation/repository.go:141.28,142.74 1 0
github.com/zt-nms/zt-nms/internal/attestation/repository.go:142.74,144.4 1 0
github.com/zt-nms/zt-nms/internal/attestation/repository.go:147.2,147.21 1 0
github.com/zt-nms/zt-nms/internal/attestation/repository.go:151.131,162.16 3 0
github.com/zt-nms/zt-nms/internal/attestation/repository.go:162.16,164.3 1 0
github.com/zt-nms/zt-nms/internal/attestation/repository.go:165.2,168.18 3 0
github.com/zt-nms/zt-nms/internal/attestation/repository.go:168.18,185.17 4 0
github.com/zt-nms/zt-nms/internal/attestation/repository.go:185.17,187.4 1 0
github.com/zt-nms/zt-nms/internal/attestation/repository.go:189.3,189.80 1 0
github.com/zt-nms/zt-nms/internal/attestation/repository.go:189.80,191.4 1 0
github.com/zt-nms/zt-nms/internal/attestation/repository.go:192.3,192.29 1 0
github.com/zt-nms/zt-nms/internal/attestation/repository.go:192.29,193.75 1 0
github.com/zt-nms/zt-nms/internal/attestation/repository.go:193.75,195.5 1 0
github.com/zt-nms/zt-nms/internal/attestation/repository.go:198.3,198.37 1 0
github.com/zt-nms/zt-nms/internal/attestation/repository.go:201.2,201.28 1 0
github.com/zt-nms/zt-nms/internal/attestation/repository.go:205.121,249.2 6 0
github.com/zt-nms/zt-nms/internal/attestation/repository.go:252.133,280.16 5 0
github.com/zt-nms/zt-nms/internal/attestation/repository.go:280.16,281.36 1 0
github.com/zt-nms/zt-nms/internal/attestation/repository.go:281.36,283.4 1 0
github.com/zt-nms/zt-nms/internal/attestation/repository.go:284.3,284.18 1 0
github.com/zt-nms/zt-nms/internal/attestation/repository.go:287.2,287.27 1 0
github.com/zt-nms/zt-nms/internal/attestation/repository.go:287.27,289.3 1 0
github.com/zt-nms/zt-nms/internal/attestation/repository.go:290.2,290.35 1 0
github.com/zt-nms/zt-nms/internal/attestation/repository.go:290.35,292.3 1 0
github.com/zt-nms/zt-nms/internal/attestation/repository.go:293.2,293.28 1 0
github.com/zt-nms/zt-nms/internal/attestation/repository.go:293.28,295.3 1 0
github.com/zt-nms/zt-nms/internal/attestation/repository.go:297.2,297.23 1 0
github.com/zt-nms/zt-nms/internal/attestation/repository.go:301.126,325.2 4 0
github.com/zt-nms/zt-nms/internal/attestation/repository.go:337.50,344.2 1 0
github.com/zt-nms/zt-nms/internal/attestation/repository.go:347.102,354.2 5 0
github.com/zt-nms/zt-nms/internal/attestation/repository.go:357.110,362.13 4 0
github.com/zt-nms/zt-nms/internal/attestation/repository.go:362.13,364.3 1 0
github.com/zt-nms/zt-nms/internal/attestation/repository.go:365.2,365.20 1 0
github.com/zt-nms/zt-nms/internal/attestation/repository.go:369.122,374.34 4 0
github.com/zt-nms/zt-nms/internal/attestation/repository.go:374.34,376.3 1 0
github.com/zt-nms/zt-nms/internal/attestation/repository.go:379.2,380.33 2 0
github.com/zt-nms/zt-nms/internal/attestation/repository.go:380.33,381.64 1 0
github.com/zt-nms/zt-nms/internal/attestation/repository.go:381.64,383.4 1 0
github.com/zt-nms/zt-nms/internal/attestation/repository.go:385.2,385.20 1 0
github.com/zt-nms/zt-nms/internal/attestation/repository.go:389.131,394.13 4 0
github.com/zt-nms/zt-nms/internal/attestation/repository.go:394.13,396.3 1 0
github.com/zt-nms/zt-nms/internal/attestation/repository.go:399.2,403.37 3 0
github.com/zt-nms/zt-nms/internal/attestation/repository.go:403.37,404.40 1 0
github.com/zt-nms/zt-nms/internal/attestation/repository.go:404.40,405.57 1 0
github.com/zt-nms/zt-nms/internal/attestation/repository.go:405.57,407.5 1 0
github.com/zt-nms/zt-nms/internal/attestation/repository.go:411.2,411.38 1 0
github.com/zt-nms/zt-nms/internal/attestation/repository.go:411.38,413.3 1 0
github.com/zt-nms/zt-nms/internal/attestation/repository.go:415.2,415.20 1 0
github.com/zt-nms/zt-nms/internal/attestation/repository.go:419.121,425.2 4 0
github.com/zt-nms/zt-nms/internal/attestation/repository.go:428.133,433.13 4 0
github.com/zt-nms/zt-nms/internal/attestation/repository.go:433.13,435.3 1 0
github.com/zt-nms/zt-nms/internal/attestation/repository.go:436.2,436.22 1 0
github.com/zt-nms/zt-nms/internal/attestation/repository.go:440.126,446.2 4 0
github.com/zt-nms/zt-nms/internal/attestation/verifier.go:96.13,98.19 2 1
github.com/zt-nms/zt-nms/internal/attestation/verifier.go:98.19,102.34 4 1
github.com/zt-nms/zt-nms/internal/attestation/verifier.go:102.34,104.4 1 1
github.com/zt-nms/zt-nms/internal/attestation/verifier.go:107.2,108.45 2 1
github.com/zt-nms/zt-nms/internal/attestation/verifier.go:108.45,110.3 1 1
github.com/zt-nms/zt-nms/internal/attestation/verifier.go:112.2,127.10 3 1
github.com/zt-nms/zt-nms/internal/attestation/verifier.go:131.137,133.31 1 1
github.com/zt-nms/zt-nms/internal/attestation/verifier.go:133.31,135.3 1 1
github.com/zt-nms/zt-nms/internal/attestation/verifier.go:138.2,139.44 2 1
github.com/zt-nms/zt-nms/internal/attestation/verifier.go:139.44,141.3 1 0
github.com/zt-nms/zt-nms/internal/attestation/verifier.go:142.2,161.25 6 1
github.com/zt-nms/zt-nms/internal/attestation/verifier.go:161.25,163.38 2 1
github.com/zt-nms/zt-nms/internal/attestation/verifier.go:163.38,165.4 1 1
github.com/zt-nms/zt-nms/internal/attestation/verifier.go:168.2,173.21 2 1
github.com/zt-nms/zt-nms/internal/attestation/verifier.go:177.140,184.13 5 1
github.com/zt-nms/zt-nms/internal/attestation/verifier.go:184.13,187.3 2 1
github.com/zt-nms/zt-nms/internal/attestation/verifier.go:188.2,188.16 1 1
github.com/zt-nms/zt-nms/internal/attestation/verifier.go:188.16,191.3 2 0
github.com/zt-nms/zt-nms/internal/attestation/verifier.go:192.2,192.49 1 1
github.com/zt-nms/zt-nms/internal/attestation/verifier.go:192.49,196.3 3 0
github.com/zt-nms/zt-nms/internal/attestation/verifier.go:197.2,197.39 1 1
github.com/zt-nms/zt-nms/internal/attestation/verifier.go:197.39,200.3 2 0
github.com/zt-nms/zt-nms/internal/attestation/verifier.go:201.2,207.16 5 1
github.com/zt-nms/zt-nms/internal/attestation/verifier.go:207.16,209.3 1 1
github.com/zt-nms/zt-nms/internal/attestation/verifier.go:212.2,213.16 2 1
github.com/zt-nms/zt-nms/internal/attestation/verifier.go:213.16,225.72 3 1
github.com/zt-nms/zt-nms/internal/attestation/verifier.go:225.72,227.4 1 0
github.com/zt-nms/zt-nms/internal/attestation/verifier.go:231.2,237.55 3 1
github.com/zt-nms/zt-nms/internal/attestation/verifier.go:237.55,239.3 1 0
github.com/zt-nms/zt-nms/internal/attestation/verifier.go:242.2,242.67 1 1
github.com/zt-nms/zt-nms/internal/attestation/verifier.go:242.67,244.3 1 0
github.com/zt-nms/zt-nms/internal/attestation/verifier.go:247.2,247.64 1 1
github.com/zt-nms/zt-nms/internal/attestation/verifier.go:247.64,249.3 1 0
github.com/zt-nms/zt-nms/internal/attestation/verifier.go:252.2,252.23 1 1
github.com/zt-nms/zt-nms/internal/attestation/verifier.go:252.23,255.54 3 1
github.com/zt-nms/zt-nms/internal/attestation/verifier.go:255.54,258.4 2 1
github.com/zt-nms/zt-nms/internal/attestation/verifier.go:259.3,266.5 1 1
github.com/zt-nms/zt-nms/internal/attestation/verifier.go:269.2,276.20 2 1
github.com/zt-nms/zt-nms/internal/attestation/verifier.go:280.159,282.69 1 1
github.com/zt-nms/zt-nms/internal/attestation/verifier.go:282.69,284.3 1 0
github.com/zt-nms/zt-nms/internal/attestation/verifier.go:287.2,287.87 1 1
github.com/zt-nms/zt-nms/internal/attestation/verifier.go:287.87,288.60 1 0
github.com/zt-nms/zt-nms/internal/attestation/verifier.go:288.60,290.58 2 0
github.com/zt-nms/zt-nms/internal/attestation/verifier.go:290.58,291.33 1 0
github.com/zt-nms/zt-nms/internal/attestation/verifier.go:291.33,293.11 2 0
github.com/zt-nms/zt-nms/internal/attestation/verifier.go:296.4,296.16 1 0
github.com/zt-nms/zt-nms/internal/attestation/verifier.go:296.16,298.5 1 0
github.com/zt-nms/zt-nms/internal/attestation/verifier.go:303.2,303.80 1 1
github.com/zt-nms/zt-nms/internal/attestation/verifier.go:303.80,304.54 1 0
github.com/zt-nms/zt-nms/internal/attestation/verifier.go:304.54,306.56 2 0
github.com/zt-nms/zt-nms/internal/attestation/verifier.go:306.56,307.81 1 0
github.com/zt-nms/zt-nms/internal/attestation/verifier.go:307.81,309.11 2 0
github.com/zt-nms/zt-nms/internal/attestation/verifier.go:312.4,312.14 1 0
github.com/zt-nms/zt-nms/internal/attestation/verifier.go:312.14,314.5 1 0
github.com/zt-nms/zt-nms/internal/attestation/verifier.go:319.2,319.27 1 1
github.com/zt-nms/zt-nms/internal/attestation/verifier.go:319.27,320.103 1 1
github.com/zt-nms/zt-nms/internal/attestation/verifier.go:320.103,321.97 1 0
github.com/zt-nms/zt-nms/internal/attestation/verifier.go:321.97,323.5 1 0
github.com/zt-nms/zt-nms/internal/attestation/verifier.go:329.118,330.53 1 1
github.com/zt-nms/zt-nms/internal/attestation/verifier.go:330.53,332.92 1 1
github.com/zt-nms/zt-nms/internal/attestation/verifier.go:332.92,334.4 1 0
github.com/zt-nms/zt-nms/internal/attestation/verifier.go:337.3,337.35 1 1
github.com/zt-nms/zt-nms/internal/attestation/verifier.go:337.35,339.4 1 1
github.com/zt-nms/zt-nms/internal/attestation/verifier.go:342.3,342.51 1 1
github.com/zt-nms/zt-nms/internal/attestation/verifier.go:342.51,344.34 2 1
github.com/zt-nms/zt-nms/internal/attestation/verifier.go:344.34,346.5 1 1
github.com/zt-nms/zt-nms/internal/attestation/verifier.go:347.4,347.113 1 1
github.com/zt-nms/zt-nms/internal/attestation/verifier.go:347.113,349.5 1 0
github.com/zt-nms/zt-nms/internal/attestation/verifier.go:351.8,351.62 1 1
github.com/zt-nms/zt-nms/internal/attestation/verifier.go:351.62,353.91 1 1
github.com/zt-nms/zt-nms/internal/attestation/verifier.go:353.91,355.4 1 0
github.com/zt-nms/zt-nms/internal/attestation/verifier.go:358.3,358.34 1 1
github.com/zt-nms/zt-nms/internal/attestation/verifier.go:361.2,361.12 1 1
github.com/zt-nms/zt-nms/internal/attestation/verifier.go:365.66,374.2 4 1
github.com/zt-nms/zt-nms/internal/attestation/verifier.go:377.53,385.2 4 1
github.com/zt-nms/zt-nms/internal/attestation/verifier.go:388.59,393.2 4 1
github.com/zt-nms/zt-nms/internal/attestation/verifier.go:396.56,401.39 4 1
github.com/zt-nms/zt-nms/internal/attestation/verifier.go:401.39,403.3 1 1
github.com/zt-nms/zt-nms/internal/attestation/verifier.go:404.2,404.16 1 1
github.com/zt-nms/zt-nms/internal/attestation/verifier.go:408.112,410.2 1 1
github.com/zt-nms/zt-nms/internal/attestation/verifier.go:413.121,414.16 1 1
github.com/zt-nms/zt-nms/internal/attestation/verifier.go:414.16,416.3 1 1
github.com/zt-nms/zt-nms/internal/attestation/verifier.go:417.2,417.49 1 1
github.com/zt-nms/zt-nms/internal/attestation/verifier.go:421.134,425.2 3 1
github.com/zt-nms/zt-nms/internal/attestation/verifier.go:428.58,430.2 1 1
github.com/zt-nms/zt-nms/internal/attestation/verifier.go:433.67,436.2 2 1
github.com/zt-nms/zt-nms/internal/attestation/verifier.go:439.43,443.21 3 1
github.com/zt-nms/zt-nms/internal/attestation/verifier.go:443.21,446.42 3 0
github.com/zt-nms/zt-nms/internal/attestation/verifier.go:446.42,447.48 1 0
github.com/zt-nms/zt-nms/internal/attestation/verifier.go:447.48,449.5 1 0
github.com/zt-nms/zt-nms/internal/attestation/verifier.go:451.3,451.21 1 0
github.com/zt-nms/zt-nms/internal/attestation/verifier.go:457.125,465.2 1 1
github.com/zt-nms/zt-nms/internal/attestation/verifier.go:467.36,470.2 2 1
github.com/zt-nms/zt-nms/internal/attestation/verifier.go:472.35,473.22 1 0
github.com/zt-nms/zt-nms/internal/attestation/verifier.go:473.22,475.3 1 0
github.com/zt-nms/zt-nms/internal/attestation/verifier.go:476.2,476.19 1 0
github.com/zt-nms/zt-nms/internal/attestation/verifier.go:476.19,477.19 1 0
github.com/zt-nms/zt-nms/internal/attestation/verifier.go:477.19,479.4 1 0
github.com/zt-nms/zt-nms/internal/attestation/verifier.go:481.2,481.13 1 0
github.com/zt-nms/zt-nms/internal/attestation/verifier.go:485.110,489.2 1 1
github.com/zt-nms/zt-nms/internal/analytics/datasource.go:16.68,18.2 1 0
github.com/zt-nms/zt-nms/internal/analytics/datasource.go:21.89,39.16 4 0
github.com/zt-nms/zt-nms/internal/analytics/datasource.go:39.16,41.3 1 0
github.com/zt-nms/zt-nms/internal/analytics/datasource.go:42.2,42.19 1 0
github.com/zt-nms/zt-nms/internal/analytics/datasource.go:46.93,68.16 4 0
github.com/zt-nms/zt-nms/internal/analytics/datasource.go:68.16,70.3 1 0
github.com/zt-nms/zt-nms/internal/analytics/datasource.go:71.2,71.19 1 0
github.com/zt-nms/zt-nms/internal/analytics/datasource.go:75.97,97.16 7 0
github.com/zt-nms/zt-nms/internal/analytics/datasource.go:97.16,100.3 1 0
github.com/zt-nms/zt-nms/internal/analytics/datasource.go:101.2,101.19 1 0
github.com/zt-nms/zt-nms/internal/analytics/datasource.go:105.89,117.16 4 0
github.com/zt-nms/zt-nms/internal/analytics/datasource.go:117.16,119.3 1 0
github.com/zt-nms/zt-nms/internal/analytics/datasource.go:121.2,124.19 4 0
github.com/zt-nms/zt-nms/internal/analytics/datasource.go:128.97,149.16 6 0
github.com/zt-nms/zt-nms/internal/analytics/datasource.go:149.16,152.3 1 0
github.com/zt-nms/zt-nms/internal/analytics/datasource.go:153.2,153.19 1 0
github.com/zt-nms/zt-nms/internal/analytics/datasource.go:157.107,178.16 4 0
github.com/zt-nms/zt-nms/internal/analytics/datasource.go:178.16,181.3 1 0
github.com/zt-nms/zt-nms/internal/analytics/datasource.go:182.2,182.19 1 0
github.com/zt-nms/zt-nms/internal/analytics/engine.go:164.100,169.19 4 1
github.com/zt-nms/zt-nms/internal/analytics/engine.go:169.19,170.26 1 1
github.com/zt-nms/zt-nms/internal/analytics/engine.go:170.26,172.4 1 1
github.com/zt-nms/zt-nms/internal/analytics/engine.go:173.3,173.33 1 1
github.com/zt-nms/zt-nms/internal/analytics/engine.go:173.33,175.4 1 1
github.com/zt-nms/zt-nms/internal/analytics/engine.go:176.3,176.34 1 1
github.com/zt-nms/zt-nms/internal/analytics/engine.go:176.34,178.4 1 1
github.com/zt-nms/zt-nms/internal/analytics/engine.go:181.2,192.10 2 1
github.com/zt-nms/zt-nms/internal/analytics/engine.go:196.26,199.2 2 1
github.com/zt-nms/zt-nms/internal/analytics/engine.go:202.25,204.2 1 1
github.com/zt-nms/zt-nms/internal/analytics/engine.go:207.82,210.66 2 1
github.com/zt-nms/zt-nms/internal/analytics/engine.go:210.66,214.3 3 1
github.com/zt-nms/zt-nms/internal/analytics/engine.go:215.2,219.16 3 1
github.com/zt-nms/zt-nms/internal/analytics/engine.go:219.16,221.3 1 0
github.com/zt-nms/zt-nms/internal/analytics/engine.go:224.2,229.19 5 1
github.com/zt-nms/zt-nms/internal/analytics/engine.go:233.77,238.25 2 1
github.com/zt-nms/zt-nms/internal/analytics/engine.go:238.25,240.3 1 1
github.com/zt-nms/zt-nms/internal/analytics/engine.go:243.2,243.70 1 1
github.com/zt-nms/zt-nms/internal/analytics/engine.go:243.70,245.3 1 1
github.com/zt-nms/zt-nms/internal/analytics/engine.go:245.8,247.3 1 0
github.com/zt-nms/zt-nms/internal/analytics/engine.go:250.2,250.74 1 1
github.com/zt-nms/zt-nms/internal/analytics/engine.go:250.74,252.3 1 1
github.com/zt-nms/zt-nms/internal/analytics/engine.go:252.8,254.3 1 0
github.com/zt-nms/zt-nms/internal/analytics/engine.go:257.2,257.71 1 1
github.com/zt-nms/zt-nms/internal/analytics/engine.go:257.71,259.3 1 1
github.com/zt-nms/zt-nms/internal/analytics/engine.go:259.8,261.3 1 0
github.com/zt-nms/zt-nms/internal/analytics/engine.go:264.2,264.70 1 1
github.com/zt-nms/zt-nms/internal/analytics/engine.go:264.70,266.3 1 1
github.com/zt-nms/zt-nms/internal/analytics/engine.go:266.8,268.3 1 0
github.com/zt-nms/zt-nms/internal/analytics/engine.go:271.2,271.74 1 1
github.com/zt-nms/zt-nms/internal/analytics/engine.go:271.74,273.3 1 1
github.com/zt-nms/zt-nms/internal/analytics/engine.go:273.8,275.3 1 0
github.com/zt-nms/zt-nms/internal/analytics/engine.go:278.2,280.85 3 1
github.com/zt-nms/zt-nms/internal/analytics/engine.go:280.85,282.3 1 1
github.com/zt-nms/zt-nms/internal/analytics/engine.go:282.8,284.3 1 0
github.com/zt-nms/zt-nms/internal/analytics/engine.go:286.2,286.19 1 1
github.com/zt-nms/zt-nms/internal/analytics/engine.go:290.108,304.19 5 1
github.com/zt-nms/zt-nms/internal/analytics/engine.go:304.19,305.13 1 0
github.com/zt-nms/zt-nms/internal/analytics/engine.go:305.13,308.57 3 0
github.com/zt-nms/zt-nms/internal/analytics/engine.go:308.57,310.5 1 0
github.com/zt-nms/zt-nms/internal/analytics/engine.go:316.74,318.2 1 1
github.com/zt-nms/zt-nms/internal/analytics/engine.go:321.81,323.2 1 1
github.com/zt-nms/zt-nms/internal/analytics/engine.go:326.127,327.19 1 1
github.com/zt-nms/zt-nms/internal/analytics/engine.go:327.19,329.3 1 1
github.com/zt-nms/zt-nms/internal/analytics/engine.go:332.2,336.13 4 1
github.com/zt-nms/zt-nms/internal/analytics/engine.go:336.13,338.3 1 0
github.com/zt-nms/zt-nms/internal/analytics/engine.go:340.2,341.28 2 1
github.com/zt-nms/zt-nms/internal/analytics/engine.go:341.28,342.56 1 1
github.com/zt-nms/zt-nms/internal/analytics/engine.go:342.56,348.4 1 1
github.com/zt-nms/zt-nms/internal/analytics/engine.go:351.2,351.53 1 1
github.com/zt-nms/zt-nms/internal/analytics/engine.go:355.109,359.34 3 1
github.com/zt-nms/zt-nms/internal/analytics/engine.go:359.34,369.3 3 1
github.com/zt-nms/zt-nms/internal/analytics/engine.go:371.2,371.19 1 1
github.com/zt-nms/zt-nms/internal/analytics/engine.go:375.101,377.16 2 1
github.com/zt-nms/zt-nms/internal/analytics/engine.go:377.16,379.3 1 0
github.com/zt-nms/zt-nms/internal/analytics/engine.go:381.2,386.8 1 1
github.com/zt-nms/zt-nms/internal/analytics/engine.go:390.108,395.33 4 1
github.com/zt-nms/zt-nms/internal/analytics/engine.go:395.33,405.3 3 1
github.com/zt-nms/zt-nms/internal/analytics/engine.go:407.2,407.19 1 1
github.com/zt-nms/zt-nms/internal/analytics/engine.go:411.100,414.2 1 1
github.com/zt-nms/zt-nms/internal/analytics/engine.go:417.110,419.2 1 1
github.com/zt-nms/zt-nms/internal/analytics/engine.go:422.110,424.2 1 1
github.com/zt-nms/zt-nms/internal/analytics/engine.go:427.100,429.2 1 1
github.com/zt-nms/zt-nms/internal/analytics/engine.go:432.115,439.2 3 1
github.com/zt-nms/zt-nms/internal/analytics/engine.go:442.87,448.2 2 1
github.com/zt-nms/zt-nms/internal/analytics/engine.go:451.114,459.2 3 1
github.com/zt-nms/zt-nms/internal/analytics/engine.go:462.89,468.2 2 1
github.com/zt-nms/zt-nms/internal/analytics/engine.go:471.100,478.2 3 1
github.com/zt-nms/zt-nms/internal/analytics/engine.go:481.32,485.6 3 1
github.com/zt-nms/zt-nms/internal/analytics/engine.go:485.6,486.10 1 1
github.com/zt-nms/zt-nms/internal/analytics/engine.go:487.19,488.10 1 1
github.com/zt-nms/zt-nms/internal/analytics/engine.go:489.19,492.18 3 1
github.com/zt-nms/zt-nms/internal/analytics/engine.go:492.18,494.5 1 0
github.com/zt-nms/zt-nms/internal/analytics/engine.go:494.10,501.22 5 1
github.com/zt-nms/zt-nms/internal/analytics/engine.go:501.22,502.57 1 0
github.com/zt-nms/zt-nms/internal/analytics/engine.go:502.57,504.7 1 0
github.com/zt-nms/zt-nms/internal/analytics/engine.go:507.4,507.12 1 1
github.com/zt-nms/zt-nms/internal/analytics/engine.go:513.32,517.6 3 1
github.com/zt-nms/zt-nms/internal/analytics/engine.go:517.6,518.10 1 1
github.com/zt-nms/zt-nms/internal/analytics/engine.go:519.19,520.10 1 1
github.com/zt-nms/zt-nms/internal/analytics/engine.go:521.19,522.25 1 0
github.com/zt-nms/zt-nms/internal/analytics/engine.go:528.38,533.39 4 1
github.com/zt-nms/zt-nms/internal/analytics/engine.go:533.39,535.29 2 1
github.com/zt-nms/zt-nms/internal/analytics/engine.go:535.29,536.33 1 1
github.com/zt-nms/zt-nms/internal/analytics/engine.go:536.33,538.5 1 0
github.com/zt-nms/zt-nms/internal/analytics/engine.go:540.3,540.29 1 1
github.com/zt-nms/zt-nms/cmd/zt-nms-cli/main.go:26.13,34.61 1 0
github.com/zt-nms/zt-nms/cmd/zt-nms-cli/main.go:34.61,36.4 1 0
github.com/zt-nms/zt-nms/cmd/zt-nms-cli/main.go:40.2,53.42 11 0
github.com/zt-nms/zt-nms/cmd/zt-nms-cli/main.go:53.42,56.3 2 0
github.com/zt-nms/zt-nms/cmd/zt-nms-cli/main.go:59.19,65.45 5 0
github.com/zt-nms/zt-nms/cmd/zt-nms-cli/main.go:65.45,70.20 3 0
github.com/zt-nms/zt-nms/cmd/zt-nms-cli/main.go:70.20,72.18 2 0
github.com/zt-nms/zt-nms/cmd/zt-nms-cli/main.go:72.18,75.5 2 0
github.com/zt-nms/zt-nms/cmd/zt-nms-cli/main.go:81.31,106.2 5 0
github.com/zt-nms/zt-nms/cmd/zt-nms-cli/main.go:108.57,109.23 1 0
github.com/zt-nms/zt-nms/cmd/zt-nms-cli/main.go:109.23,111.3 1 0
github.com/zt-nms/zt-nms/cmd/zt-nms-cli/main.go:114.2,115.16 2 0
github.com/zt-nms/zt-nms/cmd/zt-nms-cli/main.go:115.16,117.3 1 0
github.com/zt-nms/zt-nms/cmd/zt-nms-cli/main.go:118.2,124.74 3 0
github.com/zt-nms/zt-nms/cmd/zt-nms-cli/main.go:124.74,126.3 1 0
github.com/zt-nms/zt-nms/cmd/zt-nms-cli/main.go:129.2,141.16 6 0
github.com/zt-nms/zt-nms/cmd/zt-nms-cli/main.go:141.16,143.3 1 0
github.com/zt-nms/zt-nms/cmd/zt-nms-cli/main.go:144.2,146.38 2 0
github.com/zt-nms/zt-nms/cmd/zt-nms-cli/main.go:146.38,149.3 2 0
github.com/zt-nms/zt-nms/cmd/zt-nms-cli/main.go:151.2,155.69 2 0
github.com/zt-nms/zt-nms/cmd/zt-nms-cli/main.go:155.69,157.3 1 0
github.com/zt-nms/zt-nms/cmd/zt-nms-cli/main.go:160.2,164.56 4 0
github.com/zt-nms/zt-nms/cmd/zt-nms-cli/main.go:164.56,166.3 1 0
github.com/zt-nms/zt-nms/cmd/zt-nms-cli/main.go:168.2,169.12 2 0
github.com/zt-nms/zt-nms/cmd/zt-nms-cli/main.go:172.58,174.17 2 0
github.com/zt-nms/zt-nms/cmd/zt-nms-cli/main.go:174.17,177.3 2 0
github.com/zt-nms/zt-nms/cmd/zt-nms-cli/main.go:178.2,179.31 2 0
github.com/zt-nms/zt-nms/cmd/zt-nms-cli/main.go:179.31,182.3 2 0
github.com/zt-nms/zt-nms/cmd/zt-nms-cli/main.go:183.2,184.12 2 0
github.com/zt-nms/zt-nms/cmd/zt-nms-cli/main.go:187.58,191.2 3 0
github.com/zt-nms/zt-nms/cmd/zt-nms-cli/main.go:194.35,242.2 15 0
github.com/zt-nms/zt-nms/cmd/zt-nms-cli/main.go:244.60,250.22 5 0
github.com/zt-nms/zt-nms/cmd/zt-nms-cli/main.go:250.22,252.3 1 0
github.com/zt-nms/zt-nms/cmd/zt-nms-cli/main.go:253.2,253.24 1 0
github.com/zt-nms/zt-nms/cmd/zt-nms-cli/main.go:253.24,255.3 1 0
github.com/zt-nms/zt-nms/cmd/zt-nms-cli/main.go:256.2,256.21 1 0
github.com/zt-nms/zt-nms/cmd/zt-nms-cli/main.go:256.21,258.3 1 0
github.com/zt-nms/zt-nms/cmd/zt-nms-cli/main.go:260.2,261.16 2 0
github.com/zt-nms/zt-nms/cmd/zt-nms-cli/main.go:261.16,263.3 1 0
github.com/zt-nms/zt-nms/cmd/zt-nms-cli/main.go:265.2,266.12 2 0
github.com/zt-nms/zt-nms/cmd/zt-nms-cli/main.go:269.59,271.16 2 0
github.com/zt-nms/zt-nms/cmd/zt-nms-cli/main.go:271.16,273.3 1 0
github.com/zt-nms/zt-nms/cmd/zt-nms-cli/main.go:274.2,275.12 2 0
github.com/zt-nms/zt-nms/cmd/zt-nms-cli/main.go:278.62,286.16 6 0
github.com/zt-nms/zt-nms/cmd/zt-nms-cli/main.go:286.16,288.3 1 0
github.com/zt-nms/zt-nms/cmd/zt-nms-cli/main.go:290.2,302.16 4 0
github.com/zt-nms/zt-nms/cmd/zt-nms-cli/main.go:302.16,304.3 1 0
github.com/zt-nms/zt-nms/cmd/zt-nms-cli/main.go:306.2,309.12 4 0
github.com/zt-nms/zt-nms/cmd/zt-nms-cli/main.go:312.63,316.16 4 0
github.com/zt-nms/zt-nms/cmd/zt-nms-cli/main.go:316.16,318.3 1 0
github.com/zt-nms/zt-nms/cmd/zt-nms-cli/main.go:319.2,320.12 2 0
github.com/zt-nms/zt-nms/cmd/zt-nms-cli/main.go:323.64,325.16 2 0
github.com/zt-nms/zt-nms/cmd/zt-nms-cli/main.go:325.16,327.3 1 0
github.com/zt-nms/zt-nms/cmd/zt-nms-cli/main.go:328.2,329.12 2 0
github.com/zt-nms/zt-nms/cmd/zt-nms-cli/main.go:333.33,342.55 2 0
github.com/zt-nms/zt-nms/cmd/zt-nms-cli/main.go:342.55,344.18 2 0
github.com/zt-nms/zt-nms/cmd/zt-nms-cli/main.go:344.18,346.5 1 0
github.com/zt-nms/zt-nms/cmd/zt-nms-cli/main.go:347.4,348.14 2 0
github.com/zt-nms/zt-nms/cmd/zt-nms-cli/main.go:352.2,356.55 1 0
github.com/zt-nms/zt-nms/cmd/zt-nms-cli/main.go:356.55,358.18 2 0
github.com/zt-nms/zt-nms/cmd/zt-nms-cli/main.go:358.18,360.5 1 0
github.com/zt-nms/zt-nms/cmd/zt-nms-cli/main.go:361.4,362.14 2 0
github.com/zt-nms/zt-nms/cmd/zt-nms-cli/main.go:366.2,370.55 1 0
github.com/zt-nms/zt-nms/cmd/zt-nms-cli/main.go:370.55,378.18 5 0
github.com/zt-nms/zt-nms/cmd/zt-nms-cli/main.go:378.18,380.5 1 0
github.com/zt-nms/zt-nms/cmd/zt-nms-cli/main.go:381.4,382.14 2 0
github.com/zt-nms/zt-nms/cmd/zt-nms-cli/main.go:385.2,387.12 2 0
github.com/zt-nms/zt-nms/cmd/zt-nms-cli/main.go:391.33,401.55 2 0
github.com/zt-nms/zt-nms/cmd/zt-nms-cli/main.go:401.55,403.18 2 0
github.com/zt-nms/zt-nms/cmd/zt-nms-cli/main.go:403.18,405.5 1 0
github.com/zt-nms/zt-nms/cmd/zt-nms-cli/main.go:406.4,407.14 2 0
github.com/zt-nms/zt-nms/cmd/zt-nms-cli/main.go:411.2,415.55 1 0
github.com/zt-nms/zt-nms/cmd/zt-nms-cli/main.go:415.55,417.18 2 0
github.com/zt-nms/zt-nms/cmd/zt-nms-cli/main.go:417.18,419.5 1 0
github.com/zt-nms/zt-nms/cmd/zt-nms-cli/main.go:420.4,421.14 2 0
github.com/zt-nms/zt-nms/cmd/zt-nms-cli/main.go:425.2,425.12 1 0
github.com/zt-nms/zt-nms/cmd/zt-nms-cli/main.go:429.33,438.55 2 0
github.com/zt-nms/zt-nms/cmd/zt-nms-cli/main.go:438.55,440.18 2 0
github.com/zt-nms/zt-nms/cmd/zt-nms-cli/main.go:440.18,442.5 1 0
github.com/zt-nms/zt-nms/cmd/zt-nms-cli/main.go:443.4,444.14 2 0
github.com/zt-nms/zt-nms/cmd/zt-nms-cli/main.go:448.2,452.55 1 0
github.com/zt-nms/zt-nms/cmd/zt-nms-cli/main.go:452.55,454.18 2 0
github.com/zt-nms/zt-nms/cmd/zt-nms-cli/main.go:454.18,456.5 1 0
github.com/zt-nms/zt-nms/cmd/zt-nms-cli/main.go:457.4,458.14 2 0
github.com/zt-nms/zt-nms/cmd/zt-nms-cli/main.go:462.2,462.12 1 0
github.com/zt-nms/zt-nms/cmd/zt-nms-cli/main.go:466.37,475.55 2 0
github.com/zt-nms/zt-nms/cmd/zt-nms-cli/main.go:475.55,479.4 2 0
github.com/zt-nms/zt-nms/cmd/zt-nms-cli/main.go:482.2,482.12 1 0
github.com/zt-nms/zt-nms/cmd/zt-nms-cli/main.go:486.32,495.55 2 0
github.com/zt-nms/zt-nms/cmd/zt-nms-cli/main.go:495.55,497.18 2 0
github.com/zt-nms/zt-nms/cmd/zt-nms-cli/main.go:497.18,499.5 1 0
github.com/zt-nms/zt-nms/cmd/zt-nms-cli/main.go:500.4,501.14 2 0
github.com/zt-nms/zt-nms/cmd/zt-nms-cli/main.go:505.2,508.55 1 0
github.com/zt-nms/zt-nms/cmd/zt-nms-cli/main.go:508.55,510.18 2 0
github.com/zt-nms/zt-nms/cmd/zt-nms-cli/main.go:510.18,512.5 1 0
github.com/zt-nms/zt-nms/cmd/zt-nms-cli/main.go:513.4,514.14 2 0
github.com/zt-nms/zt-nms/cmd/zt-nms-cli/main.go:518.2,518.12 1 0
github.com/zt-nms/zt-nms/cmd/zt-nms-cli/main.go:522.33,526.55 1 0
github.com/zt-nms/zt-nms/cmd/zt-nms-cli/main.go:526.55,530.18 3 0
github.com/zt-nms/zt-nms/cmd/zt-nms-cli/main.go:530.18,532.5 1 0
github.com/zt-nms/zt-nms/cmd/zt-nms-cli/main.go:534.4,534.23 1 0
github.com/zt-nms/zt-nms/cmd/zt-nms-cli/main.go:534.23,539.62 3 0
github.com/zt-nms/zt-nms/cmd/zt-nms-cli/main.go:539.62,541.6 1 0
github.com/zt-nms/zt-nms/cmd/zt-nms-cli/main.go:542.5,542.60 1 0
github.com/zt-nms/zt-nms/cmd/zt-nms-cli/main.go:542.60,544.6 1 0
github.com/zt-nms/zt-nms/cmd/zt-nms-cli/main.go:546.5,546.83 1 0
github.com/zt-nms/zt-nms/cmd/zt-nms-cli/main.go:547.10,551.5 2 0
github.com/zt-nms/zt-nms/cmd/zt-nms-cli/main.go:553.4,553.14 1 0
github.com/zt-nms/zt-nms/cmd/zt-nms-cli/main.go:557.2,559.12 2 0
github.com/zt-nms/zt-nms/cmd/zt-nms-cli/main.go:563.67,565.17 2 0
github.com/zt-nms/zt-nms/cmd/zt-nms-cli/main.go:565.17,567.3 1 0
github.com/zt-nms/zt-nms/cmd/zt-nms-cli/main.go:569.2,570.16 2 0
github.com/zt-nms/zt-nms/cmd/zt-nms-cli/main.go:570.16,572.3 1 0
github.com/zt-nms/zt-nms/cmd/zt-nms-cli/main.go:574.2,577.17 3 0
github.com/zt-nms/zt-nms/cmd/zt-nms-cli/main.go:577.17,579.3 1 0
github.com/zt-nms/zt-nms/cmd/zt-nms-cli/main.go:581.2,583.16 3 0
github.com/zt-nms/zt-nms/cmd/zt-nms-cli/main.go:583.16,585.3 1 0
github.com/zt-nms/zt-nms/cmd/zt-nms-cli/main.go:586.2,589.16 3 0
github.com/zt-nms/zt-nms/cmd/zt-nms-cli/main.go:589.16,591.3 1 0
github.com/zt-nms/zt-nms/cmd/zt-nms-cli/main.go:593.2,593.28 1 0
github.com/zt-nms/zt-nms/cmd/zt-nms-cli/main.go:593.28,595.3 1 0
github.com/zt-nms/zt-nms/cmd/zt-nms-cli/main.go:597.2,597.22 1 0
github.com/zt-nms/zt-nms/cmd/zt-nms-cli/main.go:600.29,602.49 2 0
github.com/zt-nms/zt-nms/cmd/zt-nms-cli/main.go:602.49,605.3 2 0
github.com/zt-nms/zt-nms/cmd/zt-nms-cli/main.go:607.2,608.16 2 0
github.com/zt-nms/zt-nms/cmd/zt-nms-cli/main.go:608.16,611.3 2 0
github.com/zt-nms/zt-nms/cmd/zt-nms-cli/main.go:612.2,612.32 1 0
github.com/zt-nms/zt-nms/internal/capability/issuer.go:57.121,61.33 3 1
github.com/zt-nms/zt-nms/internal/capability/issuer.go:61.33,64.17 2 0
github.com/zt-nms/zt-nms/internal/capability/issuer.go:64.17,66.4 1 0
github.com/zt-nms/zt-nms/internal/capability/issuer.go:67.3,68.18 2 0
github.com/zt-nms/zt-nms/internal/capability/issuer.go:69.8,72.17 2 1
github.com/zt-nms/zt-nms/internal/capability/issuer.go:72.17,74.4 1 0
github.com/zt-nms/zt-nms/internal/capability/issuer.go:75.3,76.18 2 1
github.com/zt-nms/zt-nms/internal/capability/issuer.go:79.2,87.8 1 1
github.com/zt-nms/zt-nms/internal/capability/issuer.go:91.50,93.2 1 0
github.com/zt-nms/zt-nms/internal/capability/issuer.go:96.171,110.35 3 0
github.com/zt-nms/zt-nms/internal/capability/issuer.go:110.35,116.40 2 0
github.com/zt-nms/zt-nms/internal/capability/issuer.go:116.40,119.18 3 0
github.com/zt-nms/zt-nms/internal/capability/issuer.go:119.18,121.5 1 0
github.com/zt-nms/zt-nms/internal/capability/issuer.go:123.4,123.52 1 0
github.com/zt-nms/zt-nms/internal/capability/issuer.go:123.52,130.13 2 0
github.com/zt-nms/zt-nms/internal/capability/issuer.go:134.4,134.54 1 0
github.com/zt-nms/zt-nms/internal/capability/issuer.go:134.54,137.5 2 0
github.com/zt-nms/zt-nms/internal/capability/issuer.go:140.3,140.49 1 0
github.com/zt-nms/zt-nms/internal/capability/issuer.go:143.2,143.30 1 0
github.com/zt-nms/zt-nms/internal/capability/issuer.go:143.30,145.3 1 0
github.com/zt-nms/zt-nms/internal/capability/issuer.go:148.2,168.50 4 0
github.com/zt-nms/zt-nms/internal/capability/issuer.go:168.50,170.3 1 0
github.com/zt-nms/zt-nms/internal/capability/issuer.go:172.2,179.19 2 0
github.com/zt-nms/zt-nms/internal/capability/issuer.go:183.83,185.32 1 1
github.com/zt-nms/zt-nms/internal/capability/issuer.go:185.32,187.3 1 1
github.com/zt-nms/zt-nms/internal/capability/issuer.go:190.2,191.42 2 0
github.com/zt-nms/zt-nms/internal/capability/issuer.go:191.42,193.3 1 0
github.com/zt-nms/zt-nms/internal/capability/issuer.go:194.2,194.40 1 0
github.com/zt-nms/zt-nms/internal/capability/issuer.go:194.40,196.3 1 0
github.com/zt-nms/zt-nms/internal/capability/issuer.go:199.2,206.15 6 0
github.com/zt-nms/zt-nms/internal/capability/issuer.go:206.15,208.3 1 0
github.com/zt-nms/zt-nms/internal/capability/issuer.go:211.2,211.32 1 0
github.com/zt-nms/zt-nms/internal/capability/issuer.go:211.32,213.17 2 0
github.com/zt-nms/zt-nms/internal/capability/issuer.go:213.17,215.4 1 0
github.com/zt-nms/zt-nms/internal/capability/issuer.go:217.3,217.13 1 0
github.com/zt-nms/zt-nms/internal/capability/issuer.go:220.2,220.12 1 0
github.com/zt-nms/zt-nms/internal/capability/issuer.go:224.139,226.45 1 0
github.com/zt-nms/zt-nms/internal/capability/issuer.go:226.45,228.3 1 0
github.com/zt-nms/zt-nms/internal/capability/issuer.go:231.2,231.53 1 0
github.com/zt-nms/zt-nms/internal/capability/issuer.go:231.53,233.3 1 0
github.com/zt-nms/zt-nms/internal/capability/issuer.go:236.2,236.65 1 0
github.com/zt-nms/zt-nms/internal/capability/issuer.go:236.65,237.62 1 0
github.com/zt-nms/zt-nms/internal/capability/issuer.go:237.62,239.4 1 0
github.com/zt-nms/zt-nms/internal/capability/issuer.go:243.2,243.69 1 0
github.com/zt-nms/zt-nms/internal/capability/issuer.go:243.69,245.3 1 0
github.com/zt-nms/zt-nms/internal/capability/issuer.go:247.2,253.12 2 0
github.com/zt-nms/zt-nms/internal/capability/issuer.go:257.107,259.16 2 1
github.com/zt-nms/zt-nms/internal/capability/issuer.go:259.16,261.3 1 0
github.com/zt-nms/zt-nms/internal/capability/issuer.go:264.2,264.71 1 1
github.com/zt-nms/zt-nms/internal/capability/issuer.go:264.71,266.3 1 0
github.com/zt-nms/zt-nms/internal/capability/issuer.go:269.2,282.12 7 1
github.com/zt-nms/zt-nms/internal/capability/issuer.go:286.61,290.16 3 1
github.com/zt-nms/zt-nms/internal/capability/issuer.go:290.16,292.3 1 0
github.com/zt-nms/zt-nms/internal/capability/issuer.go:294.2,297.30 3 1
github.com/zt-nms/zt-nms/internal/capability/issuer.go:297.30,300.3 2 1
github.com/zt-nms/zt-nms/internal/capability/issuer.go:302.2,303.12 2 1
github.com/zt-nms/zt-nms/internal/capability/issuer.go:307.194,309.70 1 0
github.com/zt-nms/zt-nms/internal/capability/issuer.go:309.70,311.3 1 0
github.com/zt-nms/zt-nms/internal/capability/issuer.go:314.2,314.68 1 0
github.com/zt-nms/zt-nms/internal/capability/issuer.go:314.68,316.3 1 0
github.com/zt-nms/zt-nms/internal/capability/issuer.go:319.2,319.51 1 0
github.com/zt-nms/zt-nms/internal/capability/issuer.go:319.51,321.3 1 0
github.com/zt-nms/zt-nms/internal/capability/issuer.go:324.2,325.67 2 0
github.com/zt-nms/zt-nms/internal/capability/issuer.go:325.67,327.3 1 0
github.com/zt-nms/zt-nms/internal/capability/issuer.go:329.2,330.31 2 0
github.com/zt-nms/zt-nms/internal/capability/issuer.go:330.31,332.40 2 0
github.com/zt-nms/zt-nms/internal/capability/issuer.go:332.40,333.34 1 0
github.com/zt-nms/zt-nms/internal/capability/issuer.go:333.34,335.75 1 0
github.com/zt-nms/zt-nms/internal/capability/issuer.go:335.75,337.6 1 0
github.com/zt-nms/zt-nms/internal/capability/issuer.go:340.3,340.31 1 0
github.com/zt-nms/zt-nms/internal/capability/issuer.go:340.31,343.4 2 0
github.com/zt-nms/zt-nms/internal/capability/issuer.go:346.2,346.30 1 0
github.com/zt-nms/zt-nms/internal/capability/issuer.go:346.30,348.3 1 0
github.com/zt-nms/zt-nms/internal/capability/issuer.go:351.2,376.50 5 0
github.com/zt-nms/zt-nms/internal/capability/issuer.go:376.50,378.3 1 0
github.com/zt-nms/zt-nms/internal/capability/issuer.go:380.2,387.19 2 0
github.com/zt-nms/zt-nms/internal/capability/issuer.go:391.94,393.2 1 1
github.com/zt-nms/zt-nms/internal/capability/issuer.go:396.126,398.2 1 1
github.com/zt-nms/zt-nms/internal/capability/issuer.go:401.75,403.2 1 1
github.com/zt-nms/zt-nms/internal/capability/issuer.go:406.76,408.53 2 1
github.com/zt-nms/zt-nms/internal/capability/issuer.go:408.53,410.3 1 0
github.com/zt-nms/zt-nms/internal/capability/issuer.go:411.2,411.20 1 1
github.com/zt-nms/zt-nms/internal/capability/issuer.go:415.48,417.2 1 1
github.com/zt-nms/zt-nms/internal/audit/repository.go:25.68,27.2 1 0
github.com/zt-nms/zt-nms/internal/audit/repository.go:30.90,32.16 2 0
github.com/zt-nms/zt-nms/internal/audit/repository.go:32.16,34.3 1 0
github.com/zt-nms/zt-nms/internal/audit/repository.go:36.2,73.12 3 0
github.com/zt-nms/zt-nms/internal/audit/repository.go:77.101,87.2 2 0
github.com/zt-nms/zt-nms/internal/audit/repository.go:90.109,100.2 2 0
github.com/zt-nms/zt-nms/internal/audit/repository.go:103.92,114.2 2 0
github.com/zt-nms/zt-nms/internal/audit/repository.go:117.118,122.23 4 0
github.com/zt-nms/zt-nms/internal/audit/repository.go:122.23,126.3 3 0
github.com/zt-nms/zt-nms/internal/audit/repository.go:128.2,128.21 1 0
github.com/zt-nms/zt-nms/internal/audit/repository.go:128.21,132.3 3 0
github.com/zt-nms/zt-nms/internal/audit/repository.go:134.2,134.31 1 0
github.com/zt-nms/zt-nms/internal/audit/repository.go:134.31,136.39 2 0
github.com/zt-nms/zt-nms/internal/audit/repository.go:136.39,140.4 3 0
github.com/zt-nms/zt-nms/internal/audit/repository.go:141.3,141.102 1 0
github.com/zt-nms/zt-nms/internal/audit/repository.go:144.2,144.31 1 0
github.com/zt-nms/zt-nms/internal/audit/repository.go:144.31,146.38 2 0
github.com/zt-nms/zt-nms/internal/audit/repository.go:146.38,150.4 3 0
github.com/zt-nms/zt-nms/internal/audit/repository.go:151.3,151.100 1 0
github.com/zt-nms/zt-nms/internal/audit/repository.go:154.2,154.26 1 0
github.com/zt-nms/zt-nms/internal/audit/repository.go:154.26,158.3 3 0
github.com/zt-nms/zt-nms/internal/audit/repository.go:160.2,160.27 1 0
github.com/zt-nms/zt-nms/internal/audit/repository.go:160.27,164.3 3 0
github.com/zt-nms/zt-nms/internal/audit/repository.go:166.2,166.30 1 0
github.com/zt-nms/zt-nms/internal/audit/repository.go:166.30,170.3 3 0
github.com/zt-nms/zt-nms/internal/audit/repository.go:172.2,172.29 1 0
github.com/zt-nms/zt-nms/internal/audit/repository.go:172.29,176.3 3 0
github.com/zt-nms/zt-nms/internal/audit/repository.go:178.2,178.24 1 0
github.com/zt-nms/zt-nms/internal/audit/repository.go:178.24,182.3 3 0
github.com/zt-nms/zt-nms/internal/audit/repository.go:184.2,184.31 1 0
github.com/zt-nms/zt-nms/internal/audit/repository.go:184.31,188.3 3 0
github.com/zt-nms/zt-nms/internal/audit/repository.go:190.2,190.26 1 0
github.com/zt-nms/zt-nms/internal/audit/repository.go:190.26,194.3 3 0
github.com/zt-nms/zt-nms/internal/audit/repository.go:196.2,197.25 2 0
github.com/zt-nms/zt-nms/internal/audit/repository.go:197.25,199.3 1 0
github.com/zt-nms/zt-nms/internal/audit/repository.go:202.2,204.79 3 0
github.com/zt-nms/zt-nms/internal/audit/repository.go:204.79,206.3 1 0
github.com/zt-nms/zt-nms/internal/audit/repository.go:209.2,210.25 2 0
github.com/zt-nms/zt-nms/internal/audit/repository.go:210.25,212.27 2 0
github.com/zt-nms/zt-nms/internal/audit/repository.go:212.27,214.4 1 0
github.com/zt-nms/zt-nms/internal/audit/repository.go:214.9,216.4 1 0
github.com/zt-nms/zt-nms/internal/audit/repository.go:219.2,233.16 4 0
github.com/zt-nms/zt-nms/internal/audit/repository.go:233.16,235.3 1 0
github.com/zt-nms/zt-nms/internal/audit/repository.go:236.2,239.18 3 0
github.com/zt-nms/zt-nms/internal/audit/repository.go:239.18,241.17 2 0
github.com/zt-nms/zt-nms/internal/audit/repository.go:241.17,243.4 1 0
github.com/zt-nms/zt-nms/internal/audit/repository.go:244.3,244.33 1 0
github.com/zt-nms/zt-nms/internal/audit/repository.go:247.2,247.34 1 0
github.com/zt-nms/zt-nms/internal/audit/repository.go:251.117,263.16 3 0
github.com/zt-nms/zt-nms/internal/audit/repository.go:263.16,265.3 1 0
github.com/zt-nms/zt-nms/internal/audit/repository.go:266.2,269.18 3 0
github.com/zt-nms/zt-nms/internal/audit/repository.go:269.18,271.17 2 0
github.com/zt-nms/zt-nms/internal/audit/repository.go:271.17,273.4 1 0
github.com/zt-nms/zt-nms/internal/audit/repository.go:274.3,274.33 1 0
github.com/zt-nms/zt-nms/internal/audit/repository.go:277.2,277.27 1 0
github.com/zt-nms/zt-nms/internal/audit/repository.go:281.101,290.92 3 0
github.com/zt-nms/zt-nms/internal/audit/repository.go:290.92,292.3 1 0
github.com/zt-nms/zt-nms/internal/audit/repository.go:295.2,302.16 3 0
github.com/zt-nms/zt-nms/internal/audit/repository.go:302.16,304.3 1 0
github.com/zt-nms/zt-nms/internal/audit/repository.go:305.2,305.18 1 0
github.com/zt-nms/zt-nms/internal/audit/repository.go:305.18,308.55 3 0
github.com/zt-nms/zt-nms/internal/audit/repository.go:308.55,311.4 2 0
github.com/zt-nms/zt-nms/internal/audit/repository.go:312.3,312.40 1 0
github.com/zt-nms/zt-nms/internal/audit/repository.go:314.2,324.16 4 0
github.com/zt-nms/zt-nms/internal/audit/repository.go:324.16,326.3 1 0
github.com/zt-nms/zt-nms/internal/audit/repository.go:327.2,327.18 1 0
github.com/zt-nms/zt-nms/internal/audit/repository.go:327.18,330.54 3 0
github.com/zt-nms/zt-nms/internal/audit/repository.go:330.54,333.4 2 0
github.com/zt-nms/zt-nms/internal/audit/repository.go:334.3,334.43 1 0
github.com/zt-nms/zt-nms/internal/audit/repository.go:336.2,346.16 4 0
github.com/zt-nms/zt-nms/internal/audit/repository.go:346.16,348.3 1 0
github.com/zt-nms/zt-nms/internal/audit/repository.go:349.2,349.18 1 0
github.com/zt-nms/zt-nms/internal/audit/repository.go:349.18,352.52 3 0
github.com/zt-nms/zt-nms/internal/audit/repository.go:352.52,355.4 2 0
github.com/zt-nms/zt-nms/internal/audit/repository.go:356.3,356.39 1 0
github.com/zt-nms/zt-nms/internal/audit/repository.go:358.2,367.98 3 0
github.com/zt-nms/zt-nms/internal/audit/repository.go:367.98,369.3 1 0
github.com/zt-nms/zt-nms/internal/audit/repository.go:372.2,378.96 2 0
github.com/zt-nms/zt-nms/internal/audit/repository.go:378.96,380.3 1 0
github.com/zt-nms/zt-nms/internal/audit/repository.go:383.2,389.100 2 0
github.com/zt-nms/zt-nms/internal/audit/repository.go:389.100,391.3 1 0
github.com/zt-nms/zt-nms/internal/audit/repository.go:393.2,393.19 1 0
github.com/zt-nms/zt-nms/internal/audit/repository.go:396.81,426.16 5 0
github.com/zt-nms/zt-nms/internal/audit/repository.go:426.16,427.36 1 0
github.com/zt-nms/zt-nms/internal/audit/repository.go:427.36,429.4 1 0
github.com/zt-nms/zt-nms/internal/audit/repository.go:430.3,430.18 1 0
github.com/zt-nms/zt-nms/internal/audit/repository.go:434.2,434.22 1 0
github.com/zt-nms/zt-nms/internal/audit/repository.go:434.22,436.3 1 0
github.com/zt-nms/zt-nms/internal/audit/repository.go:437.2,437.22 1 0
github.com/zt-nms/zt-nms/internal/audit/repository.go:437.22,439.3 1 0
github.com/zt-nms/zt-nms/internal/audit/repository.go:440.2,440.25 1 0
github.com/zt-nms/zt-nms/internal/audit/repository.go:440.25,442.3 1 0
github.com/zt-nms/zt-nms/internal/audit/repository.go:443.2,443.25 1 0
github.com/zt-nms/zt-nms/internal/audit/repository.go:443.25,445.3 1 0
github.com/zt-nms/zt-nms/internal/audit/repository.go:446.2,446.19 1 0
github.com/zt-nms/zt-nms/internal/audit/repository.go:446.19,448.3 1 0
github.com/zt-nms/zt-nms/internal/audit/repository.go:449.2,449.19 1 0
github.com/zt-nms/zt-nms/internal/audit/repository.go:449.19,451.3 1 0
github.com/zt-nms/zt-nms/internal/audit/repository.go:452.2,452.21 1 0
github.com/zt-nms/zt-nms/internal/audit/repository.go:452.21,454.3 1 0
github.com/zt-nms/zt-nms/internal/audit/repository.go:455.2,455.22 1 0
github.com/zt-nms/zt-nms/internal/audit/repository.go:455.22,457.3 1 0
github.com/zt-nms/zt-nms/internal/audit/repository.go:458.2,458.22 1 0
github.com/zt-nms/zt-nms/internal/audit/repository.go:458.22,460.3 1 0
github.com/zt-nms/zt-nms/internal/audit/repository.go:462.2,462.26 1 0
github.com/zt-nms/zt-nms/internal/audit/repository.go:462.26,463.69 1 0
github.com/zt-nms/zt-nms/internal/audit/repository.go:463.69,465.4 1 0
github.com/zt-nms/zt-nms/internal/audit/repository.go:468.2,468.20 1 0
github.com/zt-nms/zt-nms/internal/audit/repository.go:471.91,501.16 5 0
github.com/zt-nms/zt-nms/internal/audit/repository.go:501.16,503.3 1 0
github.com/zt-nms/zt-nms/internal/audit/repository.go:506.2,506.22 1 0
github.com/zt-nms/zt-nms/internal/audit/repository.go:506.22,508.3 1 0
github.com/zt-nms/zt-nms/internal/audit/repository.go:509.2,509.22 1 0
github.com/zt-nms/zt-nms/internal/audit/repository.go:509.22,511.3 1 0
github.com/zt-nms/zt-nms/internal/audit/repository.go:512.2,512.25 1 0
github.com/zt-nms/zt-nms/internal/audit/repository.go:512.25,514.3 1 0
github.com/zt-nms/zt-nms/internal/audit/repository.go:515.2,515.25 1 0
github.com/zt-nms/zt-nms/internal/audit/repository.go:515.25,517.3 1 0
github.com/zt-nms/zt-nms/internal/audit/repository.go:518.2,518.19 1 0
github.com/zt-nms/zt-nms/internal/audit/repository.go:518.19,520.3 1 0
github.com/zt-nms/zt-nms/internal/audit/repository.go:521.2,521.19 1 0
github.com/zt-nms/zt-nms/internal/audit/repository.go:521.19,523.3 1 0
github.com/zt-nms/zt-nms/internal/audit/repository.go:524.2,524.21 1 0
github.com/zt-nms/zt-nms/internal/audit/repository.go:524.21,526.3 1 0
github.com/zt-nms/zt-nms/internal/audit/repository.go:527.2,527.22 1 0
github.com/zt-nms/zt-nms/internal/audit/repository.go:527.22,529.3 1 0
github.com/zt-nms/zt-nms/internal/audit/repository.go:530.2,530.22 1 0
github.com/zt-nms/zt-nms/internal/audit/repository.go:530.22,532.3 1 0
github.com/zt-nms/zt-nms/internal/audit/repository.go:534.2,534.26 1 0
github.com/zt-nms/zt-nms/internal/audit/repository.go:534.26,535.69 1 0
github.com/zt-nms/zt-nms/internal/audit/repository.go:535.69,537.4 1 0
github.com/zt-nms/zt-nms/internal/audit/repository.go:540.2,540.20 1 0
github.com/zt-nms/zt-nms/internal/audit/repository.go:552.50,558.2 1 1
github.com/zt-nms/zt-nms/internal/audit/repository.go:561.90,565.43 3 1
github.com/zt-nms/zt-nms/internal/audit/repository.go:565.43,567.3 1 0
github.com/zt-nms/zt-nms/internal/audit/repository.go:569.2,572.12 4 1
github.com/zt-nms/zt-nms/internal/audit/repository.go:576.101,581.13 4 1
github.com/zt-nms/zt-nms/internal/audit/repository.go:581.13,583.3 1 0
github.com/zt-nms/zt-nms/internal/audit/repository.go:584.2,584.19 1 1
github.com/zt-nms/zt-nms/internal/audit/repository.go:588.109,593.13 4 1
github.com/zt-nms/zt-nms/internal/audit/repository.go:593.13,595.3 1 0
github.com/zt-nms/zt-nms/internal/audit/repository.go:596.2,596.19 1 1
github.com/zt-nms/zt-nms/internal/audit/repository.go:600.92,604.24 3 1
github.com/zt-nms/zt-nms/internal/audit/repository.go:604.24,606.3 1 1
github.com/zt-nms/zt-nms/internal/audit/repository.go:607.2,607.39 1 0
github.com/zt-nms/zt-nms/internal/audit/repository.go:611.118,616.33 4 1
github.com/zt-nms/zt-nms/internal/audit/repository.go:616.33,617.35 1 1
github.com/zt-nms/zt-nms/internal/audit/repository.go:617.35,619.4 1 1
github.com/zt-nms/zt-nms/internal/audit/repository.go:622.2,626.28 3 1
github.com/zt-nms/zt-nms/internal/audit/repository.go:626.28,628.3 1 1
github.com/zt-nms/zt-nms/internal/audit/repository.go:630.2,631.25 2 1
github.com/zt-nms/zt-nms/internal/audit/repository.go:631.25,633.3 1 1
github.com/zt-nms/zt-nms/internal/audit/repository.go:635.2,635.40 1 1
github.com/zt-nms/zt-nms/internal/audit/repository.go:639.117,644.42 4 1
github.com/zt-nms/zt-nms/internal/audit/repository.go:644.42,645.49 1 1
github.com/zt-nms/zt-nms/internal/audit/repository.go:645.49,647.4 1 1
github.com/zt-nms/zt-nms/internal/audit/repository.go:649.2,649.20 1 1
github.com/zt-nms/zt-nms/internal/audit/repository.go:653.101,663.33 4 0
github.com/zt-nms/zt-nms/internal/audit/repository.go:663.33,664.64 1 0
github.com/zt-nms/zt-nms/internal/audit/repository.go:664.64,665.12 1 0
github.com/zt-nms/zt-nms/internal/audit/repository.go:668.3,673.26 5 0
github.com/zt-nms/zt-nms/internal/audit/repository.go:674.110,675.26 1 0
github.com/zt-nms/zt-nms/internal/audit/repository.go:676.44,677.28 1 0
github.com/zt-nms/zt-nms/internal/audit/repository.go:678.41,679.30 1 0
github.com/zt-nms/zt-nms/internal/audit/repository.go:683.2,683.19 1 0
github.com/zt-nms/zt-nms/internal/audit/repository.go:686.100,687.62 1 1
github.com/zt-nms/zt-nms/internal/audit/repository.go:687.62,689.3 1 0
github.com/zt-nms/zt-nms/internal/audit/repository.go:690.2,690.57 1 1
github.com/zt-nms/zt-nms/internal/audit/repository.go:690.57,692.3 1 0
github.com/zt-nms/zt-nms/internal/audit/repository.go:693.2,693.31 1 1
github.com/zt-nms/zt-nms/internal/audit/repository.go:693.31,695.39 2 1
github.com/zt-nms/zt-nms/internal/audit/repository.go:695.39,696.29 1 1
github.com/zt-nms/zt-nms/internal/audit/repository.go:696.29,698.10 2 1
github.com/zt-nms/zt-nms/internal/audit/repository.go:701.3,701.13 1 1
github.com/zt-nms/zt-nms/internal/audit/repository.go:701.13,703.4 1 1
github.com/zt-nms/zt-nms/internal/audit/repository.go:705.2,705.31 1 1
github.com/zt-nms/zt-nms/internal/audit/repository.go:705.31,707.38 2 0
github.com/zt-nms/zt-nms/internal/audit/repository.go:707.38,708.27 1 0
github.com/zt-nms/zt-nms/internal/audit/repository.go:708.27,710.10 2 0
github.com/zt-nms/zt-nms/internal/audit/repository.go:713.3,713.13 1 0
github.com/zt-nms/zt-nms/internal/audit/repository.go:713.13,715.4 1 0
github.com/zt-nms/zt-nms/internal/audit/repository.go:717.2,717.88 1 1
github.com/zt-nms/zt-nms/internal/audit/repository.go:717.88,719.3 1 0
github.com/zt-nms/zt-nms/internal/audit/repository.go:720.2,720.65 1 1
github.com/zt-nms/zt-nms/internal/audit/repository.go:720.65,722.3 1 0
github.com/zt-nms/zt-nms/internal/audit/repository.go:723.2,723.74 1 1
github.com/zt-nms/zt-nms/internal/audit/repository.go:723.74,725.3 1 0
github.com/zt-nms/zt-nms/internal/audit/repository.go:726.2,726.100 1 1
github.com/zt-nms/zt-nms/internal/audit/repository.go:726.100,728.3 1 0
github.com/zt-nms/zt-nms/internal/audit/repository.go:729.2,729.56 1 1
github.com/zt-nms/zt-nms/internal/audit/repository.go:729.56,731.3 1 0
github.com/zt-nms/zt-nms/internal/audit/repository.go:732.2,732.13 1 1
github.com/zt-nms/zt-nms/internal/audit/service.go:82.107,90.19 2 1
github.com/zt-nms/zt-nms/internal/audit/service.go:90.19,94.3 3 1
github.com/zt-nms/zt-nms/internal/audit/service.go:96.2,96.30 1 1
github.com/zt-nms/zt-nms/internal/audit/service.go:96.30,98.3 1 1
github.com/zt-nms/zt-nms/internal/audit/service.go:101.2,102.36 2 1
github.com/zt-nms/zt-nms/internal/audit/service.go:102.36,105.3 2 0
github.com/zt-nms/zt-nms/internal/audit/service.go:107.2,107.15 1 1
github.com/zt-nms/zt-nms/internal/audit/service.go:111.107,117.24 4 1
[...]
github.com/zt-nms/zt-nms/pkg/models/audit.go:316.77,319.2 2 0
github.com/zt-nms/zt-nms/pkg/models/audit.go:322.76,325.2 2 0
github.com/zt-nms/zt-nms/pkg/models/audit.go:328.92,333.2 4 0
github.com/zt-nms/zt-nms/pkg/models/audit.go:336.93,339.2 2 0
github.com/zt-nms/zt-nms/pkg/models/audit.go:342.110,347.2 4 0
github.com/zt-nms/zt-nms/pkg/models/audit.go:350.79,353.2 2 1
github.com/zt-nms/zt-nms/pkg/models/audit.go:356.91,357.36 1 0
github.com/zt-nms/zt-nms/pkg/models/audit.go:357.36,359.3 1 0
github.com/zt-nms/zt-nms/pkg/models/audit.go:360.2,361.10 2 0
github.com/zt-nms/zt-nms/pkg/models/audit.go:365.78,368.2 2 0
github.com/zt-nms/zt-nms/pkg/models/audit.go:371.80,376.2 4 1
github.com/zt-nms/zt-nms/pkg/models/audit.go:438.58,456.2 1 0
github.com/zt-nms/zt-nms/pkg/models/capability.go:145.42,174.35 13 1
github.com/zt-nms/zt-nms/pkg/models/capability.go:174.35,177.3 2 0
github.com/zt-nms/zt-nms/pkg/models/capability.go:180.2,180.26 1 1
github.com/zt-nms/zt-nms/pkg/models/capability.go:180.26,183.3 2 0
github.com/zt-nms/zt-nms/pkg/models/capability.go:186.2,186.29 1 1
github.com/zt-nms/zt-nms/pkg/models/capability.go:186.29,188.3 1 0
github.com/zt-nms/zt-nms/pkg/models/capability.go:190.2,190.19 1 1
github.com/zt-nms/zt-nms/pkg/models/capability.go:194.47,197.2 2 0
github.com/zt-nms/zt-nms/pkg/models/capability.go:200.64,201.47 1 1
github.com/zt-nms/zt-nms/pkg/models/capability.go:201.47,203.3 1 1
github.com/zt-nms/zt-nms/pkg/models/capability.go:204.2,204.45 1 1
github.com/zt-nms/zt-nms/pkg/models/capability.go:204.45,206.3 1 1
github.com/zt-nms/zt-nms/pkg/models/capability.go:207.2,207.13 1 1
github.com/zt-nms/zt-nms/pkg/models/capability.go:211.75,214.2 2 1
github.com/zt-nms/zt-nms/pkg/models/capability.go:217.70,220.2 2 1
github.com/zt-nms/zt-nms/pkg/models/capability.go:223.92,224.34 1 1
github.com/zt-nms/zt-nms/pkg/models/capability.go:224.34,225.68 1 1
github.com/zt-nms/zt-nms/pkg/models/capability.go:225.68,226.12 1 1
github.com/zt-nms/zt-nms/pkg/models/capability.go:228.3,228.47 1 1
github.com/zt-nms/zt-nms/pkg/models/capability.go:228.47,229.31 1 1
github.com/zt-nms/zt-nms/pkg/models/capability.go:229.31,231.5 1 1
github.com/zt-nms/zt-nms/pkg/models/capability.go:234.2,234.14 1 1
github.com/zt-nms/zt-nms/pkg/models/capability.go:238.109,239.35 1 1
github.com/zt-nms/zt-nms/pkg/models/capability.go:239.35,241.3 1 1
github.com/zt-nms/zt-nms/pkg/models/capability.go:243.2,243.52 1 1
github.com/zt-nms/zt-nms/pkg/models/capability.go:243.52,245.3 1 1
github.com/zt-nms/zt-nms/pkg/models/capability.go:247.2,247.28 1 1
github.com/zt-nms/zt-nms/pkg/models/capability.go:247.28,250.84 1 0
github.com/zt-nms/zt-nms/pkg/models/capability.go:250.84,252.75 2 0
github.com/zt-nms/zt-nms/pkg/models/capability.go:252.75,254.5 1 0
github.com/zt-nms/zt-nms/pkg/models/capability.go:258.2,258.13 1 1
github.com/zt-nms/zt-nms/pkg/models/capability.go:262.88,263.27 1 0
github.com/zt-nms/zt-nms/pkg/models/capability.go:263.27,264.74 1 0
github.com/zt-nms/zt-nms/pkg/models/capability.go:264.74,266.4 1 0
github.com/zt-nms/zt-nms/pkg/models/capability.go:268.2,268.12 1 0
github.com/zt-nms/zt-nms/pkg/models/capability.go:272.105,274.18 2 0
github.com/zt-nms/zt-nms/pkg/models/capability.go:274.18,276.3 1 0
github.com/zt-nms/zt-nms/pkg/models/capability.go:277.2,277.31 1 0
github.com/zt-nms/zt-nms/pkg/models/capability.go:281.89,283.45 2 0
github.com/zt-nms/zt-nms/pkg/models/capability.go:283.45,285.3 1 0
github.com/zt-nms/zt-nms/pkg/models/capability.go:286.2,286.50 1 0
github.com/zt-nms/zt-nms/pkg/models/capability.go:298.20,313.2 2 1
github.com/zt-nms/zt-nms/pkg/models/config.go:432.45,439.24 5 1
github.com/zt-nms/zt-nms/pkg/models/config.go:439.24,441.3 1 1
github.com/zt-nms/zt-nms/pkg/models/config.go:442.2,446.22 3 1
github.com/zt-nms/zt-nms/pkg/models/config.go:446.22,449.3 2 1
github.com/zt-nms/zt-nms/pkg/models/config.go:452.2,452.29 1 1
github.com/zt-nms/zt-nms/pkg/models/config.go:452.29,455.3 2 1
github.com/zt-nms/zt-nms/pkg/models/config.go:458.2,458.20 1 1
github.com/zt-nms/zt-nms/pkg/models/config.go:458.20,461.3 2 0
github.com/zt-nms/zt-nms/pkg/models/config.go:464.2,464.26 1 1
github.com/zt-nms/zt-nms/pkg/models/config.go:464.26,467.3 2 0
github.com/zt-nms/zt-nms/pkg/models/config.go:470.2,472.19 2 1
github.com/zt-nms/zt-nms/pkg/models/config.go:476.60,479.2 2 1
github.com/zt-nms/zt-nms/pkg/models/config.go:482.65,485.2 2 1
github.com/zt-nms/zt-nms/pkg/models/config.go:488.65,489.22 1 1
github.com/zt-nms/zt-nms/pkg/models/config.go:489.22,491.3 1 1
github.com/zt-nms/zt-nms/pkg/models/config.go:492.2,492.41 1 1
github.com/zt-nms/zt-nms/pkg/models/config.go:492.41,494.3 1 0
github.com/zt-nms/zt-nms/pkg/models/config.go:495.2,495.50 1 1
github.com/zt-nms/zt-nms/pkg/models/config.go:495.50,497.3 1 1
github.com/zt-nms/zt-nms/pkg/models/config.go:498.2,498.29 1 1
github.com/zt-nms/zt-nms/pkg/models/config.go:498.29,499.47 1 1
github.com/zt-nms/zt-nms/pkg/models/config.go:499.47,501.4 1 0
github.com/zt-nms/zt-nms/pkg/models/config.go:503.2,503.13 1 1
github.com/zt-nms/zt-nms/pkg/models/config.go:516.16,532.41 2 1
github.com/zt-nms/zt-nms/pkg/models/config.go:532.41,534.3 1 1
github.com/zt-nms/zt-nms/pkg/models/config.go:536.2,536.11 1 1
github.com/zt-nms/zt-nms/pkg/models/config.go:540.55,544.28 2 1
github.com/zt-nms/zt-nms/pkg/models/config.go:544.28,548.3 3 0
github.com/zt-nms/zt-nms/pkg/models/config.go:549.2,549.25 1 1
github.com/zt-nms/zt-nms/pkg/models/config.go:549.25,553.3 3 0
github.com/zt-nms/zt-nms/pkg/models/config.go:554.2,554.26 1 1
github.com/zt-nms/zt-nms/pkg/models/config.go:554.26,558.3 3 0
github.com/zt-nms/zt-nms/pkg/models/config.go:559.2,559.26 1 1
github.com/zt-nms/zt-nms/pkg/models/config.go:559.26,563.3 3 0
github.com/zt-nms/zt-nms/pkg/models/config.go:564.2,564.24 1 1
github.com/zt-nms/zt-nms/pkg/models/config.go:564.24,568.3 3 1
github.com/zt-nms/zt-nms/pkg/models/config.go:569.2,569.24 1 1
github.com/zt-nms/zt-nms/pkg/models/config.go:569.24,573.3 3 0
github.com/zt-nms/zt-nms/pkg/models/config.go:575.2,575.22 1 1
github.com/zt-nms/zt-nms/pkg/models/config.go:575.22,577.3 1 0
github.com/zt-nms/zt-nms/pkg/models/config.go:580.2,580.22 1 1
github.com/zt-nms/zt-nms/pkg/models/config.go:580.22,582.39 2 0
github.com/zt-nms/zt-nms/pkg/models/config.go:582.39,583.25 1 0
github.com/zt-nms/zt-nms/pkg/models/config.go:583.25,587.5 3 0
github.com/zt-nms/zt-nms/pkg/models/config.go:587.10,589.5 1 0
github.com/zt-nms/zt-nms/pkg/models/config.go:591.3,591.21 1 0
github.com/zt-nms/zt-nms/pkg/models/config.go:594.2,594.18 1 1
github.com/zt-nms/zt-nms/pkg/models/device.go:285.11,301.2 1 1
github.com/zt-nms/zt-nms/pkg/models/device.go:304.52,307.34 3 0
github.com/zt-nms/zt-nms/pkg/models/device.go:307.34,310.3 2 0
github.com/zt-nms/zt-nms/pkg/models/device.go:314.56,317.35 3 1
github.com/zt-nms/zt-nms/pkg/models/device.go:317.35,320.3 2 1
github.com/zt-nms/zt-nms/pkg/models/device.go:324.35,326.2 1 1
github.com/zt-nms/zt-nms/pkg/models/device.go:329.34,331.2 1 0
github.com/zt-nms/zt-nms/pkg/models/device.go:334.36,336.2 1 1
github.com/zt-nms/zt-nms/pkg/models/errors.go:172.35,173.25 1 0
github.com/zt-nms/zt-nms/pkg/models/errors.go:173.25,175.3 1 0
github.com/zt-nms/zt-nms/pkg/models/errors.go:176.2,176.49 1 0
github.com/zt-nms/zt-nms/pkg/models/errors.go:180.35,182.2 1 0
github.com/zt-nms/zt-nms/pkg/models/errors.go:185.42,187.9 2 0
github.com/zt-nms/zt-nms/pkg/models/errors.go:187.9,189.3 1 0
github.com/zt-nms/zt-nms/pkg/models/errors.go:190.2,190.25 1 0
github.com/zt-nms/zt-nms/pkg/models/errors.go:194.60,199.2 1 0
github.com/zt-nms/zt-nms/pkg/models/errors.go:202.103,208.2 1 0
github.com/zt-nms/zt-nms/pkg/models/errors.go:211.51,214.2 2 0
github.com/zt-nms/zt-nms/pkg/models/errors.go:217.72,218.22 1 0
github.com/zt-nms/zt-nms/pkg/models/errors.go:218.22,220.3 1 0
github.com/zt-nms/zt-nms/pkg/models/errors.go:221.2,222.10 2 0
github.com/zt-nms/zt-nms/pkg/models/errors.go:226.62,229.2 2 0
github.com/zt-nms/zt-nms/pkg/models/errors.go:244.44,245.25 1 0
github.com/zt-nms/zt-nms/pkg/models/errors.go:245.25,247.3 1 0
github.com/zt-nms/zt-nms/pkg/models/errors.go:248.2,248.92 1 0
github.com/zt-nms/zt-nms/pkg/models/errors.go:252.75,258.2 1 0
github.com/zt-nms/zt-nms/pkg/models/errors.go:261.46,263.2 1 0
github.com/zt-nms/zt-nms/pkg/models/errors.go:266.46,270.2 1 0
github.com/zt-nms/zt-nms/pkg/models/errors.go:280.71,286.2 1 0
github.com/zt-nms/zt-nms/pkg/models/errors.go:291.60,295.2 1 0
github.com/zt-nms/zt-nms/pkg/models/errors.go:298.63,302.2 1 0
github.com/zt-nms/zt-nms/pkg/models/errors.go:305.52,309.2 1 0
github.com/zt-nms/zt-nms/pkg/models/errors.go:312.73,317.2 1 0
github.com/zt-nms/zt-nms/pkg/models/errors.go:320.56,324.2 1 0
github.com/zt-nms/zt-nms/pkg/models/errors.go:327.55,331.2 1 0
github.com/zt-nms/zt-nms/pkg/models/errors.go:334.72,339.2 1 0
github.com/zt-nms/zt-nms/pkg/models/errors.go:342.93,347.2 1 0
github.com/zt-nms/zt-nms/pkg/models/errors.go:350.57,354.2 1 0
github.com/zt-nms/zt-nms/pkg/models/errors.go:357.53,361.2 1 0
github.com/zt-nms/zt-nms/pkg/models/errors.go:364.63,369.2 1 0
github.com/zt-nms/zt-nms/pkg/models/errors.go:372.86,378.2 1 0
github.com/zt-nms/zt-nms/pkg/models/identity.go:78.73,79.36 1 0
github.com/zt-nms/zt-nms/pkg/models/identity.go:79.36,81.3 1 0
github.com/zt-nms/zt-nms/pkg/models/identity.go:82.2,83.16 2 0
github.com/zt-nms/zt-nms/pkg/models/identity.go:83.16,85.3 1 0
github.com/zt-nms/zt-nms/pkg/models/identity.go:86.2,87.53 2 0
github.com/zt-nms/zt-nms/pkg/models/identity.go:87.53,89.3 1 0
github.com/zt-nms/zt-nms/pkg/models/identity.go:90.2,90.20 1 0
github.com/zt-nms/zt-nms/pkg/models/identity.go:94.69,95.34 1 1
github.com/zt-nms/zt-nms/pkg/models/identity.go:95.34,97.3 1 0
github.com/zt-nms/zt-nms/pkg/models/identity.go:98.2,99.16 2 1
github.com/zt-nms/zt-nms/pkg/models/identity.go:99.16,101.3 1 0
github.com/zt-nms/zt-nms/pkg/models/identity.go:102.2,103.53 2 1
github.com/zt-nms/zt-nms/pkg/models/identity.go:103.53,105.3 1 0
github.com/zt-nms/zt-nms/pkg/models/identity.go:106.2,106.20 1 1
github.com/zt-nms/zt-nms/pkg/models/identity.go:110.71,111.35 1 1
github.com/zt-nms/zt-nms/pkg/models/identity.go:111.35,113.3 1 0
github.com/zt-nms/zt-nms/pkg/models/identity.go:114.2,115.16 2 1
github.com/zt-nms/zt-nms/pkg/models/identity.go:115.16,117.3 1 0
github.com/zt-nms/zt-nms/pkg/models/identity.go:118.2,119.53 2 1
github.com/zt-nms/zt-nms/pkg/models/identity.go:119.53,121.3 1 0
github.com/zt-nms/zt-nms/pkg/models/identity.go:122.2,122.20 1 1
github.com/zt-nms/zt-nms/pkg/models/identity.go:126.113,141.2 4 1
github.com/zt-nms/zt-nms/pkg/models/identity.go:144.109,159.2 4 1
github.com/zt-nms/zt-nms/pkg/models/identity.go:162.111,177.2 4 1
github.com/zt-nms/zt-nms/pkg/models/operation.go:84.42,105.39 15 1
github.com/zt-nms/zt-nms/pkg/models/operation.go:105.39,107.3 1 0
github.com/zt-nms/zt-nms/pkg/models/operation.go:110.2,110.40 1 1
github.com/zt-nms/zt-nms/pkg/models/operation.go:110.40,115.3 4 0
github.com/zt-nms/zt-nms/pkg/models/operation.go:117.2,117.19 1 1
github.com/zt-nms/zt-nms/pkg/models/operation.go:121.64,124.2 2 1
github.com/zt-nms/zt-nms/pkg/models/operation.go:127.69,130.2 2 1
github.com/zt-nms/zt-nms/pkg/models/operation.go:133.59,136.2 2 1
github.com/zt-nms/zt-nms/pkg/models/operation.go:147.29,149.44 2 1
github.com/zt-nms/zt-nms/pkg/models/operation.go:149.44,151.3 1 0
github.com/zt-nms/zt-nms/pkg/models/operation.go:153.2,172.8 1 1
github.com/zt-nms/zt-nms/pkg/models/operation.go:200.42,205.22 4 0
github.com/zt-nms/zt-nms/pkg/models/operation.go:205.22,208.3 2 0
github.com/zt-nms/zt-nms/pkg/models/operation.go:209.2,211.29 3 0
github.com/zt-nms/zt-nms/pkg/models/operation.go:211.29,213.3 1 0
github.com/zt-nms/zt-nms/pkg/models/operation.go:214.2,218.19 4 0
github.com/zt-nms/zt-nms/pkg/models/operation.go:222.64,225.2 2 0
github.com/zt-nms/zt-nms/pkg/models/operation.go:228.69,231.2 2 0
github.com/zt-nms/zt-nms/pkg/models/operation.go:248.20,261.2 2 0
github.com/zt-nms/zt-nms/pkg/models/operation.go:321.44,352.2 1 0
github.com/zt-nms/zt-nms/pkg/models/policy.go:299.130,311.2 1 0
github.com/zt-nms/zt-nms/pkg/models/policy.go:314.72,320.42 2 1
github.com/zt-nms/zt-nms/pkg/models/policy.go:320.42,321.31 1 1
github.com/zt-nms/zt-nms/pkg/models/policy.go:321.31,330.40 2 1
github.com/zt-nms/zt-nms/pkg/models/policy.go:330.40,333.5 2 1
github.com/zt-nms/zt-nms/pkg/models/policy.go:333.10,333.46 1 1
github.com/zt-nms/zt-nms/pkg/models/policy.go:333.46,337.5 3 1
github.com/zt-nms/zt-nms/pkg/models/policy.go:337.10,337.48 1 0
github.com/zt-nms/zt-nms/pkg/models/policy.go:337.48,340.5 2 0
github.com/zt-nms/zt-nms/pkg/models/policy.go:344.2,344.17 1 1
github.com/zt-nms/zt-nms/pkg/models/policy.go:348.81,350.51 1 1
github.com/zt-nms/zt-nms/pkg/models/policy.go:350.51,352.3 1 1
github.com/zt-nms/zt-nms/pkg/models/policy.go:355.2,355.54 1 1
github.com/zt-nms/zt-nms/pkg/models/policy.go:355.54,357.3 1 0
github.com/zt-nms/zt-nms/pkg/models/policy.go:360.2,361.38 2 1
github.com/zt-nms/zt-nms/pkg/models/policy.go:361.38,362.44 1 1
github.com/zt-nms/zt-nms/pkg/models/policy.go:362.44,364.9 2 1
github.com/zt-nms/zt-nms/pkg/models/policy.go:367.2,367.20 1 1
github.com/zt-nms/zt-nms/pkg/models/policy.go:367.20,369.3 1 0
github.com/zt-nms/zt-nms/pkg/models/policy.go:372.2,372.44 1 1
github.com/zt-nms/zt-nms/pkg/models/policy.go:372.44,373.43 1 0
github.com/zt-nms/zt-nms/pkg/models/policy.go:373.43,375.4 1 0
github.com/zt-nms/zt-nms/pkg/models/policy.go:378.2,378.13 1 1
github.com/zt-nms/zt-nms/pkg/models/policy.go:382.85,383.17 1 1
github.com/zt-nms/zt-nms/pkg/models/policy.go:383.17,385.3 1 1
github.com/zt-nms/zt-nms/pkg/models/policy.go:388.2,388.39 1 1
github.com/zt-nms/zt-nms/pkg/models/policy.go:388.39,389.47 1 1
github.com/zt-nms/zt-nms/pkg/models/policy.go:389.47,390.29 1 1
github.com/zt-nms/zt-nms/pkg/models/policy.go:390.29,392.5 1 1
github.com/zt-nms/zt-nms/pkg/models/policy.go:397.2,397.37 1 1
github.com/zt-nms/zt-nms/pkg/models/policy.go:397.37,398.45 1 0
github.com/zt-nms/zt-nms/pkg/models/policy.go:398.45,399.27 1 0
github.com/zt-nms/zt-nms/pkg/models/policy.go:399.27,401.5 1 0
github.com/zt-nms/zt-nms/pkg/models/policy.go:406.2,406.40 1 1
github.com/zt-nms/zt-nms/pkg/models/policy.go:406.40,407.47 1 0
github.com/zt-nms/zt-nms/pkg/models/policy.go:407.47,408.12 1 0
github.com/zt-nms/zt-nms/pkg/models/policy.go:410.3,410.50 1 0
github.com/zt-nms/zt-nms/pkg/models/policy.go:410.50,411.12 1 0
github.com/zt-nms/zt-nms/pkg/models/policy.go:413.3,413.14 1 0
github.com/zt-nms/zt-nms/pkg/models/policy.go:416.2,416.14 1 1
github.com/zt-nms/zt-nms/pkg/models/policy.go:420.89,421.17 1 1
github.com/zt-nms/zt-nms/pkg/models/policy.go:421.17,423.3 1 1
github.com/zt-nms/zt-nms/pkg/models/policy.go:426.2,426.28 1 1
github.com/zt-nms/zt-nms/pkg/models/policy.go:426.28,428.35 2 1
github.com/zt-nms/zt-nms/pkg/models/policy.go:428.35,429.26 1 1
github.com/zt-nms/zt-nms/pkg/models/policy.go:429.26,431.10 2 1
github.com/zt-nms/zt-nms/pkg/models/policy.go:434.3,434.19 1 1
github.com/zt-nms/zt-nms/pkg/models/policy.go:434.19,436.4 1 0
github.com/zt-nms/zt-nms/pkg/models/policy.go:440.2,440.26 1 1
github.com/zt-nms/zt-nms/pkg/models/policy.go:440.26,442.34 2 0
github.com/zt-nms/zt-nms/pkg/models/policy.go:442.34,443.25 1 0
github.com/zt-nms/zt-nms/pkg/models/policy.go:443.25,445.10 2 0
github.com/zt-nms/zt-nms/pkg/models/policy.go:448.3,448.17 1 0
github.com/zt-nms/zt-nms/pkg/models/policy.go:448.17,450.4 1 0
github.com/zt-nms/zt-nms/pkg/models/policy.go:453.2,453.13 1 1
github.com/zt-nms/zt-nms/pkg/models/policy.go:457.91,460.24 2 0
github.com/zt-nms/zt-nms/pkg/models/policy.go:461.28,462.58 1 0
github.com/zt-nms/zt-nms/pkg/models/policy.go:463.25,464.60 1 0
github.com/zt-nms/zt-nms/pkg/models/policy.go:465.28,466.58 1 0
github.com/zt-nms/zt-nms/pkg/models/policy.go:467.29,468.60 1 0
github.com/zt-nms/zt-nms/pkg/models/policy.go:471.2,472.22 2 0
github.com/zt-nms/zt-nms/pkg/models/policy.go:472.22,474.3 1 0
github.com/zt-nms/zt-nms/pkg/models/policy.go:475.2,475.15 1 0
github.com/zt-nms/zt-nms/pkg/models/policy.go:478.79,479.15 1 0
github.com/zt-nms/zt-nms/pkg/models/policy.go:480.19,481.22 1 0
github.com/zt-nms/zt-nms/pkg/models/policy.go:482.22,483.25 1 0
github.com/zt-nms/zt-nms/pkg/models/policy.go:484.24,485.27 1 0
github.com/zt-nms/zt-nms/pkg/models/policy.go:486.30,487.33 1 0
github.com/zt-nms/zt-nms/pkg/models/policy.go:488.30,489.30 1 0
github.com/zt-nms/zt-nms/pkg/models/policy.go:489.30,491.4 1 0
github.com/zt-nms/zt-nms/pkg/models/policy.go:492.3,492.12 1 0
github.com/zt-nms/zt-nms/pkg/models/policy.go:493.28,494.27 1 0
github.com/zt-nms/zt-nms/pkg/models/policy.go:494.27,496.4 1 0
github.com/zt-nms/zt-nms/pkg/models/policy.go:497.3,497.15 1 0
github.com/zt-nms/zt-nms/pkg/models/policy.go:498.10,499.24 1 0
github.com/zt-nms/zt-nms/pkg/models/policy.go:499.24,501.4 1 0
github.com/zt-nms/zt-nms/pkg/models/policy.go:502.3,502.13 1 0
github.com/zt-nms/zt-nms/pkg/models/policy.go:506.70,507.15 1 0
github.com/zt-nms/zt-nms/pkg/models/policy.go:508.14,509.18 1 0
github.com/zt-nms/zt-nms/pkg/models/policy.go:510.21,511.26 1 0
github.com/zt-nms/zt-nms/pkg/models/policy.go:512.22,513.17 1 0
github.com/zt-nms/zt-nms/pkg/models/policy.go:514.15,515.24 1 0
github.com/zt-nms/zt-nms/pkg/models/policy.go:516.10,517.13 1 0
github.com/zt-nms/zt-nms/pkg/models/policy.go:521.83,522.15 1 0
github.com/zt-nms/zt-nms/pkg/models/policy.go:523.14,524.30 1 0
github.com/zt-nms/zt-nms/pkg/models/policy.go:525.12,526.29 1 0
github.com/zt-nms/zt-nms/pkg/models/policy.go:527.10,528.32 1 0
github.com/zt-nms/zt-nms/pkg/models/policy.go:528.32,530.4 1 0
github.com/zt-nms/zt-nms/pkg/models/policy.go:531.3,531.13 1 0
github.com/zt-nms/zt-nms/pkg/models/policy.go:535.86,536.15 1 0
github.com/zt-nms/zt-nms/pkg/models/policy.go:537.14,538.23 1 0
github.com/zt-nms/zt-nms/pkg/models/policy.go:539.12,540.21 1 0
github.com/zt-nms/zt-nms/pkg/models/policy.go:541.10,542.33 1 0
github.com/zt-nms/zt-nms/pkg/models/policy.go:542.33,544.4 1 0
github.com/zt-nms/zt-nms/pkg/models/policy.go:545.3,545.13 1 0
github.com/zt-nms/zt-nms/pkg/models/policy.go:549.89,550.12 1 0
github.com/zt-nms/zt-nms/pkg/models/policy.go:551.25,552.40 1 0
github.com/zt-nms/zt-nms/pkg/models/policy.go:553.28,554.41 1 0
github.com/zt-nms/zt-nms/pkg/models/policy.go:555.21,556.41 1 0
github.com/zt-nms/zt-nms/pkg/models/policy.go:557.24,558.42 1 0
github.com/zt-nms/zt-nms/pkg/models/policy.go:559.25,560.23 1 0
github.com/zt-nms/zt-nms/pkg/models/policy.go:561.84,562.46 1 0
github.com/zt-nms/zt-nms/pkg/models/policy.go:563.10,564.15 1 0
github.com/zt-nms/zt-nms/pkg/models/policy.go:568.42,572.2 3 0
github.com/zt-nms/zt-nms/pkg/models/policy.go:574.55,576.9 2 0
github.com/zt-nms/zt-nms/pkg/models/policy.go:576.9,578.3 1 0
github.com/zt-nms/zt-nms/pkg/models/policy.go:579.2,579.27 1 0
github.com/zt-nms/zt-nms/pkg/models/policy.go:579.27,580.32 1 0
github.com/zt-nms/zt-nms/pkg/models/policy.go:580.32,582.4 1 0
github.com/zt-nms/zt-nms/pkg/models/policy.go:584.2,584.14 1 0
github.com/zt-nms/zt-nms/pkg/models/policy.go:587.78,590.18 3 0
github.com/zt-nms/zt-nms/pkg/models/policy.go:590.18,592.3 1 0
github.com/zt-nms/zt-nms/pkg/models/policy.go:594.2,594.12 1 0
github.com/zt-nms/zt-nms/pkg/models/policy.go:595.26,596.25 1 0
github.com/zt-nms/zt-nms/pkg/models/policy.go:597.28,598.26 1 0
github.com/zt-nms/zt-nms/pkg/models/policy.go:599.23,600.25 1 0
github.com/zt-nms/zt-nms/pkg/models/policy.go:601.25,602.26 1 0
github.com/zt-nms/zt-nms/pkg/models/policy.go:603.10,604.15 1 0
github.com/zt-nms/zt-nms/pkg/models/policy.go:608.47,609.25 1 0
github.com/zt-nms/zt-nms/pkg/models/policy.go:610.15,611.19 1 0
github.com/zt-nms/zt-nms/pkg/models/policy.go:612.15,613.28 1 0
github.com/zt-nms/zt-nms/pkg/models/policy.go:614.11,615.28 1 0
github.com/zt-nms/zt-nms/pkg/models/policy.go:616.13,617.28 1 0
github.com/zt-nms/zt-nms/pkg/models/policy.go:618.13,619.28 1 0
github.com/zt-nms/zt-nms/pkg/models/policy.go:620.10,621.18 1 0
